<?xml version="1.0" encoding="UTF-8"?>
<TestRun id="49802726-349a-4be6-8309-6c5ea6c0863b" name="hewang.txh@TAOBAO86 2012-08-24 09:59:52" runUser="TAOBAO-HZ\hewang.txh" xmlns="http://microsoft.com/schemas/VisualStudio/TeamTest/2010">
  <TestSettings name="Default Test Settings" id="406f195c-af53-42cd-9fc2-36851218e796">
    <Deployment runDeploymentRoot="hewang.txh_TAOBAO86 2012-08-24 09_59_52">
      <DeploymentItem filename="D:\codesharp\cooper\packages\FluentNHibernate.1.3.0.733\lib\FluentNHibernate.dll" />
      <DeploymentItem filename="D:\codesharp\cooper\packages\CodeSharp.Core.Castles.2.0\lib\net40\CodeSharp.Core.Castles.dll" />
      <DeploymentItem filename="D:\codesharp\cooper\src\Cooper.Model\bin\Debug\Cooper.Model.dll" />
      <DeploymentItem filename="D:\codesharp\cooper\packages\CodeSharp.Core.2.0\lib\net40\CodeSharp.Core.dll" />
      <DeploymentItem filename="D:\codesharp\cooper\lib\System.Data.SqlServerCe.dll" />
      <DeploymentItem filename="D:\codesharp\cooper\packages\NHibernate.3.3.1.4000\lib\Net35\NHibernate.dll" />
      <DeploymentItem filename="D:\codesharp\cooper\packages\Castle.Windsor.3.0.0.4001\lib\net40\Castle.Windsor.dll" />
      <DeploymentItem filename="D:\codesharp\cooper\packages\Iesi.Collections.3.2.0.4000\lib\Net35\Iesi.Collections.dll" />
      <DeploymentItem filename="D:\codesharp\cooper\packages\log4net.2.0.0\lib\net40-full\log4net.dll" />
      <DeploymentItem filename="D:\codesharp\cooper\packages\NUnit.2.6.0.12054\lib\nunit.framework.dll" />
      <DeploymentItem filename="D:\codesharp\cooper\src\Cooper.Repositories\bin\Debug\Cooper.Repositories.dll" />
      <DeploymentItem filename="D:\codesharp\cooper\packages\Castle.Core.3.0.0.4001\lib\net40-client\Castle.Core.dll" />
      <DeploymentItem filename="D:\codesharp\cooper\src\Cooper.Model.Mappings\bin\Debug\Cooper.Model.Mappings.dll" />
    </Deployment>
    <Execution>
      <TestTypeSpecific />
      <AgentRule name="Execution Agents">
      </AgentRule>
    </Execution>
  </TestSettings>
  <Times creation="2012-08-24T09:59:52.7833630+08:00" queuing="2012-08-24T10:00:20.0030847+08:00" start="2012-08-24T10:00:20.6541498+08:00" finish="2012-08-24T10:01:05.2866126+08:00" />
  <ResultSummary outcome="Error">
    <Counters total="44" executed="25" passed="24" error="0" failed="0" timeout="0" aborted="1" inconclusive="0" passedButRunAborted="0" notRunnable="0" notExecuted="19" disconnected="0" warning="0" completed="0" inProgress="0" pending="0" />
    <RunInfos>
      <RunInfo computerName="TAOBAO86" outcome="Error" timestamp="2012-08-24T10:01:04.6365476+08:00">
        <Text>Test host process exited unexpectedly.</Text>
      </RunInfo>
    </RunInfos>
  </ResultSummary>
  <TestDefinitions>
    <UnitTest name="LoginBy" storage="d:\codesharp\cooper\src\cooper.model.test\bin\debug\cooper.model.test.dll" id="22abd2d5-ed8a-2aea-037a-ddc4c76b6969">
      <Execution id="8d2f8b08-77af-4c28-bf3e-8c7fa563ef8d" />
      <TestMethod codeBase="D:/codesharp/cooper/src/Cooper.Model.Test/bin/Debug/Cooper.Model.Test.DLL" adapterTypeName="Microsoft.VisualStudio.TestTools.TestTypes.Unit.UnitTestAdapter, Microsoft.VisualStudio.QualityTools.Tips.UnitTest.Adapter, Version=10.0.0.0, Culture=neutral, PublicKeyToken=b03f5f7f11d50a3a" className="Cooper.Model.Test.AccountTest, Cooper.Model.Test, Version=1.0.0.0, Culture=neutral, PublicKeyToken=null" name="LoginBy" />
    </UnitTest>
    <UnitTest name="UpdateContact" storage="d:\codesharp\cooper\src\cooper.model.test\bin\debug\cooper.model.test.dll" id="ca9f8142-f1ab-2294-18f2-20a777480912">
      <Execution id="aba2d47c-90f6-4279-b5e8-8918cab4694a" />
      <TestMethod codeBase="D:/codesharp/cooper/src/Cooper.Model.Test/bin/Debug/Cooper.Model.Test.DLL" adapterTypeName="Microsoft.VisualStudio.TestTools.TestTypes.Unit.UnitTestAdapter, Microsoft.VisualStudio.QualityTools.Tips.UnitTest.Adapter, Version=10.0.0.0, Culture=neutral, PublicKeyToken=b03f5f7f11d50a3a" className="Cooper.Model.Test.ContactTest, Cooper.Model.Test, Version=1.0.0.0, Culture=neutral, PublicKeyToken=null" name="UpdateContact" />
    </UnitTest>
    <UnitTest name="CreateByDuplicate" storage="d:\codesharp\cooper\src\cooper.model.test\bin\debug\cooper.model.test.dll" id="d45ef949-d9cf-9025-889c-bdadd6519b01">
      <Execution id="78b5bb8c-7bb1-4096-a7ae-33888689b8a6" />
      <TestMethod codeBase="D:/codesharp/cooper/src/Cooper.Model.Test/bin/Debug/Cooper.Model.Test.DLL" adapterTypeName="Microsoft.VisualStudio.TestTools.TestTypes.Unit.UnitTestAdapter, Microsoft.VisualStudio.QualityTools.Tips.UnitTest.Adapter, Version=10.0.0.0, Culture=neutral, PublicKeyToken=b03f5f7f11d50a3a" className="Cooper.Model.Test.AccountTest, Cooper.Model.Test, Version=1.0.0.0, Culture=neutral, PublicKeyToken=null" name="CreateByDuplicate" />
    </UnitTest>
    <UnitTest name="ProfileUpdate" storage="d:\codesharp\cooper\src\cooper.model.test\bin\debug\cooper.model.test.dll" id="e82d454d-9749-0586-d94f-e5d80cd1fb39">
      <Execution id="0836b83b-4374-484e-8bce-b7fc4109b3cb" />
      <TestMethod codeBase="D:/codesharp/cooper/src/Cooper.Model.Test/bin/Debug/Cooper.Model.Test.DLL" adapterTypeName="Microsoft.VisualStudio.TestTools.TestTypes.Unit.UnitTestAdapter, Microsoft.VisualStudio.QualityTools.Tips.UnitTest.Adapter, Version=10.0.0.0, Culture=neutral, PublicKeyToken=b03f5f7f11d50a3a" className="Cooper.Model.Test.AccountTest, Cooper.Model.Test, Version=1.0.0.0, Culture=neutral, PublicKeyToken=null" name="ProfileUpdate" />
    </UnitTest>
    <UnitTest name="Profile" storage="d:\codesharp\cooper\src\cooper.model.test\bin\debug\cooper.model.test.dll" id="845d68d4-6cf9-5471-cc65-0f346d0da9e4">
      <Execution id="2e08f94c-a194-4492-943c-2c55fdb5cdd0" />
      <TestMethod codeBase="D:/codesharp/cooper/src/Cooper.Model.Test/bin/Debug/Cooper.Model.Test.DLL" adapterTypeName="Microsoft.VisualStudio.TestTools.TestTypes.Unit.UnitTestAdapter, Microsoft.VisualStudio.QualityTools.Tips.UnitTest.Adapter, Version=10.0.0.0, Culture=neutral, PublicKeyToken=b03f5f7f11d50a3a" className="Cooper.Model.Test.AccountTest, Cooper.Model.Test, Version=1.0.0.0, Culture=neutral, PublicKeyToken=null" name="Profile" />
    </UnitTest>
    <UnitTest name="UpdateContactGroup" storage="d:\codesharp\cooper\src\cooper.model.test\bin\debug\cooper.model.test.dll" id="139d910f-a367-3fea-51b4-4b3f9dbbb854">
      <Execution id="1aae52c8-21cb-4bfa-b67f-bcfb3cf973e1" />
      <TestMethod codeBase="D:/codesharp/cooper/src/Cooper.Model.Test/bin/Debug/Cooper.Model.Test.DLL" adapterTypeName="Microsoft.VisualStudio.TestTools.TestTypes.Unit.UnitTestAdapter, Microsoft.VisualStudio.QualityTools.Tips.UnitTest.Adapter, Version=10.0.0.0, Culture=neutral, PublicKeyToken=b03f5f7f11d50a3a" className="Cooper.Model.Test.ContactGroupTest, Cooper.Model.Test, Version=1.0.0.0, Culture=neutral, PublicKeyToken=null" name="UpdateContactGroup" />
    </UnitTest>
    <UnitTest name="AddTeamMemberWithDuplicateEmailTest" storage="d:\codesharp\cooper\src\cooper.model.test\bin\debug\cooper.model.test.dll" id="e76ef579-03b7-36d3-6242-8a83c06fecf0">
      <Execution id="519a5a4b-96f6-4989-9741-3edc61b41aae" />
      <TestMethod codeBase="D:/codesharp/cooper/src/Cooper.Model.Test/bin/Debug/Cooper.Model.Test.DLL" adapterTypeName="Microsoft.VisualStudio.TestTools.TestTypes.Unit.UnitTestAdapter, Microsoft.VisualStudio.QualityTools.Tips.UnitTest.Adapter, Version=10.0.0.0, Culture=neutral, PublicKeyToken=b03f5f7f11d50a3a" className="Cooper.Model.Test.TeamTest, Cooper.Model.Test, Version=1.0.0.0, Culture=neutral, PublicKeyToken=null" name="AddTeamMemberWithDuplicateEmailTest" />
    </UnitTest>
    <UnitTest name="Extension" storage="d:\codesharp\cooper\src\cooper.model.test\bin\debug\cooper.model.test.dll" id="9691548e-385f-5f87-bebd-866a5d2875c4">
      <Execution id="89126f22-b5d8-4813-8273-4389330bc838" />
      <TestMethod codeBase="D:/codesharp/cooper/src/Cooper.Model.Test/bin/Debug/Cooper.Model.Test.DLL" adapterTypeName="Microsoft.VisualStudio.TestTools.TestTypes.Unit.UnitTestAdapter, Microsoft.VisualStudio.QualityTools.Tips.UnitTest.Adapter, Version=10.0.0.0, Culture=neutral, PublicKeyToken=b03f5f7f11d50a3a" className="Cooper.Model.Test.TaskFolderTest, Cooper.Model.Test, Version=1.0.0.0, Culture=neutral, PublicKeyToken=null" name="Extension" />
    </UnitTest>
    <UnitTest name="CreateContactGroup" storage="d:\codesharp\cooper\src\cooper.model.test\bin\debug\cooper.model.test.dll" id="a5d8742b-148b-968f-da92-9f471f785f08">
      <Execution id="3698cbda-e3ff-4523-8fd9-dd4a69a42a9f" />
      <TestMethod codeBase="D:/codesharp/cooper/src/Cooper.Model.Test/bin/Debug/Cooper.Model.Test.DLL" adapterTypeName="Microsoft.VisualStudio.TestTools.TestTypes.Unit.UnitTestAdapter, Microsoft.VisualStudio.QualityTools.Tips.UnitTest.Adapter, Version=10.0.0.0, Culture=neutral, PublicKeyToken=b03f5f7f11d50a3a" className="Cooper.Model.Test.ContactGroupTest, Cooper.Model.Test, Version=1.0.0.0, Culture=neutral, PublicKeyToken=null" name="CreateContactGroup" />
    </UnitTest>
    <UnitTest name="GetContactGroups" storage="d:\codesharp\cooper\src\cooper.model.test\bin\debug\cooper.model.test.dll" id="4301ed8b-0efb-d2d1-6514-612586a26acd">
      <Execution id="e4778bc2-81b4-46ba-9909-390f1af8397b" />
      <TestMethod codeBase="D:/codesharp/cooper/src/Cooper.Model.Test/bin/Debug/Cooper.Model.Test.DLL" adapterTypeName="Microsoft.VisualStudio.TestTools.TestTypes.Unit.UnitTestAdapter, Microsoft.VisualStudio.QualityTools.Tips.UnitTest.Adapter, Version=10.0.0.0, Culture=neutral, PublicKeyToken=b03f5f7f11d50a3a" className="Cooper.Model.Test.ContactGroupTest, Cooper.Model.Test, Version=1.0.0.0, Culture=neutral, PublicKeyToken=null" name="GetContactGroups" />
    </UnitTest>
    <UnitTest name="GetAll" storage="d:\codesharp\cooper\src\cooper.model.test\bin\debug\cooper.model.test.dll" id="1bf78f7f-4201-907d-b0ab-f65693b52ab7">
      <Execution id="9fcaefa5-84ec-4f75-b08f-170eb18d7cce" />
      <TestMethod codeBase="D:/codesharp/cooper/src/Cooper.Model.Test/bin/Debug/Cooper.Model.Test.DLL" adapterTypeName="Microsoft.VisualStudio.TestTools.TestTypes.Unit.UnitTestAdapter, Microsoft.VisualStudio.QualityTools.Tips.UnitTest.Adapter, Version=10.0.0.0, Culture=neutral, PublicKeyToken=b03f5f7f11d50a3a" className="Cooper.Model.Test.TaskTest, Cooper.Model.Test, Version=1.0.0.0, Culture=neutral, PublicKeyToken=null" name="GetAll" />
    </UnitTest>
    <UnitTest name="UpdatePersonalAddressBook" storage="d:\codesharp\cooper\src\cooper.model.test\bin\debug\cooper.model.test.dll" id="51718b8e-ef13-f85e-4222-814c2f37b0de">
      <Execution id="bff8bde8-9e8f-4e03-9833-0efef31cfa24" />
      <TestMethod codeBase="D:/codesharp/cooper/src/Cooper.Model.Test/bin/Debug/Cooper.Model.Test.DLL" adapterTypeName="Microsoft.VisualStudio.TestTools.TestTypes.Unit.UnitTestAdapter, Microsoft.VisualStudio.QualityTools.Tips.UnitTest.Adapter, Version=10.0.0.0, Culture=neutral, PublicKeyToken=b03f5f7f11d50a3a" className="Cooper.Model.Test.AddressBookTest, Cooper.Model.Test, Version=1.0.0.0, Culture=neutral, PublicKeyToken=null" name="UpdatePersonalAddressBook" />
    </UnitTest>
    <UnitTest name="Get" storage="d:\codesharp\cooper\src\cooper.model.test\bin\debug\cooper.model.test.dll" id="36976b3e-6423-f7bc-5226-47b2aca47250">
      <Execution id="6c07674e-428a-4253-964a-ff635f127f02" />
      <TestMethod codeBase="D:/codesharp/cooper/src/Cooper.Model.Test/bin/Debug/Cooper.Model.Test.DLL" adapterTypeName="Microsoft.VisualStudio.TestTools.TestTypes.Unit.UnitTestAdapter, Microsoft.VisualStudio.QualityTools.Tips.UnitTest.Adapter, Version=10.0.0.0, Culture=neutral, PublicKeyToken=b03f5f7f11d50a3a" className="Cooper.Model.Test.AccountConnectionTest, Cooper.Model.Test, Version=1.0.0.0, Culture=neutral, PublicKeyToken=null" name="Get" />
    </UnitTest>
    <UnitTest name="DeleteContactGroup" storage="d:\codesharp\cooper\src\cooper.model.test\bin\debug\cooper.model.test.dll" id="0912dddc-52be-91c7-0750-6b1a6735ec7f">
      <Execution id="64492794-619f-4d79-a00d-80f59f6bdab4" />
      <TestMethod codeBase="D:/codesharp/cooper/src/Cooper.Model.Test/bin/Debug/Cooper.Model.Test.DLL" adapterTypeName="Microsoft.VisualStudio.TestTools.TestTypes.Unit.UnitTestAdapter, Microsoft.VisualStudio.QualityTools.Tips.UnitTest.Adapter, Version=10.0.0.0, Culture=neutral, PublicKeyToken=b03f5f7f11d50a3a" className="Cooper.Model.Test.ContactGroupTest, Cooper.Model.Test, Version=1.0.0.0, Culture=neutral, PublicKeyToken=null" name="DeleteContactGroup" />
    </UnitTest>
    <UnitTest name="GetIncompleted" storage="d:\codesharp\cooper\src\cooper.model.test\bin\debug\cooper.model.test.dll" id="29a630e8-3ea0-962a-4bb2-fc1964fb6b08">
      <Execution id="77bc0bd8-d2c4-4ab7-8c04-31716c76d398" />
      <TestMethod codeBase="D:/codesharp/cooper/src/Cooper.Model.Test/bin/Debug/Cooper.Model.Test.DLL" adapterTypeName="Microsoft.VisualStudio.TestTools.TestTypes.Unit.UnitTestAdapter, Microsoft.VisualStudio.QualityTools.Tips.UnitTest.Adapter, Version=10.0.0.0, Culture=neutral, PublicKeyToken=b03f5f7f11d50a3a" className="Cooper.Model.Test.TaskTest, Cooper.Model.Test, Version=1.0.0.0, Culture=neutral, PublicKeyToken=null" name="GetIncompleted" />
    </UnitTest>
    <UnitTest name="Account" storage="d:\codesharp\cooper\src\cooper.model.test\bin\debug\cooper.model.test.dll" id="f9822672-017a-ecdc-434c-7e60485687bf">
      <Execution id="9d1c8c80-f70e-4be5-99eb-7d13378078aa" />
      <TestMethod codeBase="D:/codesharp/cooper/src/Cooper.Model.Test/bin/Debug/Cooper.Model.Test.DLL" adapterTypeName="Microsoft.VisualStudio.TestTools.TestTypes.Unit.UnitTestAdapter, Microsoft.VisualStudio.QualityTools.Tips.UnitTest.Adapter, Version=10.0.0.0, Culture=neutral, PublicKeyToken=b03f5f7f11d50a3a" className="Cooper.Model.Test.AccountTest, Cooper.Model.Test, Version=1.0.0.0, Culture=neutral, PublicKeyToken=null" name="Account" />
    </UnitTest>
    <UnitTest name="CreateGit" storage="d:\codesharp\cooper\src\cooper.model.test\bin\debug\cooper.model.test.dll" id="383329c4-c347-b028-9cd9-489b5ee50b66">
      <Execution id="f99d20b6-58eb-407d-8857-8f2f16dc40f7" />
      <TestMethod codeBase="D:/codesharp/cooper/src/Cooper.Model.Test/bin/Debug/Cooper.Model.Test.DLL" adapterTypeName="Microsoft.VisualStudio.TestTools.TestTypes.Unit.UnitTestAdapter, Microsoft.VisualStudio.QualityTools.Tips.UnitTest.Adapter, Version=10.0.0.0, Culture=neutral, PublicKeyToken=b03f5f7f11d50a3a" className="Cooper.Model.Test.AccountConnectionTest, Cooper.Model.Test, Version=1.0.0.0, Culture=neutral, PublicKeyToken=null" name="CreateGit" />
    </UnitTest>
    <UnitTest name="CreateTeam" storage="d:\codesharp\cooper\src\cooper.model.test\bin\debug\cooper.model.test.dll" id="3b71aa9f-9c96-59c5-443d-08bfb0259c87">
      <Execution id="3df78a43-1c0a-4ed9-b0ab-0c61836d7e03" />
      <TestMethod codeBase="D:/codesharp/cooper/src/Cooper.Model.Test/bin/Debug/Cooper.Model.Test.DLL" adapterTypeName="Microsoft.VisualStudio.TestTools.TestTypes.Unit.UnitTestAdapter, Microsoft.VisualStudio.QualityTools.Tips.UnitTest.Adapter, Version=10.0.0.0, Culture=neutral, PublicKeyToken=b03f5f7f11d50a3a" className="Cooper.Model.Test.TeamTest, Cooper.Model.Test, Version=1.0.0.0, Culture=neutral, PublicKeyToken=null" name="CreateTeam" />
    </UnitTest>
    <UnitTest name="RemoveTaskAssigneeTest" storage="d:\codesharp\cooper\src\cooper.model.test\bin\debug\cooper.model.test.dll" id="fbf3575b-3c2a-baee-ac83-208aca200fd1">
      <Execution id="4f615c04-ed0e-4728-bbb6-93a56ea35a44" />
      <TestMethod codeBase="D:/codesharp/cooper/src/Cooper.Model.Test/bin/Debug/Cooper.Model.Test.DLL" adapterTypeName="Microsoft.VisualStudio.TestTools.TestTypes.Unit.UnitTestAdapter, Microsoft.VisualStudio.QualityTools.Tips.UnitTest.Adapter, Version=10.0.0.0, Culture=neutral, PublicKeyToken=b03f5f7f11d50a3a" className="Cooper.Model.Test.TeamTaskTest, Cooper.Model.Test, Version=1.0.0.0, Culture=neutral, PublicKeyToken=null" name="RemoveTaskAssigneeTest" />
    </UnitTest>
    <UnitTest name="CreateSystemAddressBook" storage="d:\codesharp\cooper\src\cooper.model.test\bin\debug\cooper.model.test.dll" id="d3bc33f5-d7ec-9402-1517-1e0f50c38ba0">
      <Execution id="fff159dc-360e-41a5-9726-f7b0e379ce85" />
      <TestMethod codeBase="D:/codesharp/cooper/src/Cooper.Model.Test/bin/Debug/Cooper.Model.Test.DLL" adapterTypeName="Microsoft.VisualStudio.TestTools.TestTypes.Unit.UnitTestAdapter, Microsoft.VisualStudio.QualityTools.Tips.UnitTest.Adapter, Version=10.0.0.0, Culture=neutral, PublicKeyToken=b03f5f7f11d50a3a" className="Cooper.Model.Test.AddressBookTest, Cooper.Model.Test, Version=1.0.0.0, Culture=neutral, PublicKeyToken=null" name="CreateSystemAddressBook" />
    </UnitTest>
    <UnitTest name="RemoveTaskFromProjectTest" storage="d:\codesharp\cooper\src\cooper.model.test\bin\debug\cooper.model.test.dll" id="c82a067e-2885-5dc7-c10a-bf157eda3153">
      <Execution id="cce451aa-ac51-43ff-90cb-b7b567f92737" />
      <TestMethod codeBase="D:/codesharp/cooper/src/Cooper.Model.Test/bin/Debug/Cooper.Model.Test.DLL" adapterTypeName="Microsoft.VisualStudio.TestTools.TestTypes.Unit.UnitTestAdapter, Microsoft.VisualStudio.QualityTools.Tips.UnitTest.Adapter, Version=10.0.0.0, Culture=neutral, PublicKeyToken=b03f5f7f11d50a3a" className="Cooper.Model.Test.TeamTaskTest, Cooper.Model.Test, Version=1.0.0.0, Culture=neutral, PublicKeyToken=null" name="RemoveTaskFromProjectTest" />
    </UnitTest>
    <UnitTest name="Create" storage="d:\codesharp\cooper\src\cooper.model.test\bin\debug\cooper.model.test.dll" id="f510f0de-d7e6-5073-9bb2-880efb2facad">
      <Execution id="a1a26bab-6d97-491d-b6ab-9444968092f8" />
      <TestMethod codeBase="D:/codesharp/cooper/src/Cooper.Model.Test/bin/Debug/Cooper.Model.Test.DLL" adapterTypeName="Microsoft.VisualStudio.TestTools.TestTypes.Unit.UnitTestAdapter, Microsoft.VisualStudio.QualityTools.Tips.UnitTest.Adapter, Version=10.0.0.0, Culture=neutral, PublicKeyToken=b03f5f7f11d50a3a" className="Cooper.Model.Test.AccountTest, Cooper.Model.Test, Version=1.0.0.0, Culture=neutral, PublicKeyToken=null" name="Create" />
    </UnitTest>
    <UnitTest name="UpdateTeamTask" storage="d:\codesharp\cooper\src\cooper.model.test\bin\debug\cooper.model.test.dll" id="feb4972d-6250-2d01-3c4d-efec1a4d61f9">
      <Execution id="ff5153b9-60c6-4f7e-934a-61c02a64abb6" />
      <TestMethod codeBase="D:/codesharp/cooper/src/Cooper.Model.Test/bin/Debug/Cooper.Model.Test.DLL" adapterTypeName="Microsoft.VisualStudio.TestTools.TestTypes.Unit.UnitTestAdapter, Microsoft.VisualStudio.QualityTools.Tips.UnitTest.Adapter, Version=10.0.0.0, Culture=neutral, PublicKeyToken=b03f5f7f11d50a3a" className="Cooper.Model.Test.TeamTaskTest, Cooper.Model.Test, Version=1.0.0.0, Culture=neutral, PublicKeyToken=null" name="UpdateTeamTask" />
    </UnitTest>
    <UnitTest name="Create" storage="d:\codesharp\cooper\src\cooper.model.test\bin\debug\cooper.model.test.dll" id="227af9e1-ad10-7dfc-89e8-67e77f02eb42">
      <Execution id="09d947ec-1c18-4363-9188-41bdd8de46ef" />
      <TestMethod codeBase="D:/codesharp/cooper/src/Cooper.Model.Test/bin/Debug/Cooper.Model.Test.DLL" adapterTypeName="Microsoft.VisualStudio.TestTools.TestTypes.Unit.UnitTestAdapter, Microsoft.VisualStudio.QualityTools.Tips.UnitTest.Adapter, Version=10.0.0.0, Culture=neutral, PublicKeyToken=b03f5f7f11d50a3a" className="Cooper.Model.Test.TaskTest, Cooper.Model.Test, Version=1.0.0.0, Culture=neutral, PublicKeyToken=null" name="Create" />
    </UnitTest>
    <UnitTest name="GetPersonalAddressBooks" storage="d:\codesharp\cooper\src\cooper.model.test\bin\debug\cooper.model.test.dll" id="0600f781-1a88-5516-fea7-0bd69f15aba2">
      <Execution id="525afe8d-7331-4fb0-9476-b52d8842caf4" />
      <TestMethod codeBase="D:/codesharp/cooper/src/Cooper.Model.Test/bin/Debug/Cooper.Model.Test.DLL" adapterTypeName="Microsoft.VisualStudio.TestTools.TestTypes.Unit.UnitTestAdapter, Microsoft.VisualStudio.QualityTools.Tips.UnitTest.Adapter, Version=10.0.0.0, Culture=neutral, PublicKeyToken=b03f5f7f11d50a3a" className="Cooper.Model.Test.AddressBookTest, Cooper.Model.Test, Version=1.0.0.0, Culture=neutral, PublicKeyToken=null" name="GetPersonalAddressBooks" />
    </UnitTest>
    <UnitTest name="DeleteTeamTask" storage="d:\codesharp\cooper\src\cooper.model.test\bin\debug\cooper.model.test.dll" id="ffd6cb0f-9afd-7843-7e35-ff7ede5a21df">
      <Execution id="c39d74be-10d4-424f-ba46-6074dfc7616f" />
      <TestMethod codeBase="D:/codesharp/cooper/src/Cooper.Model.Test/bin/Debug/Cooper.Model.Test.DLL" adapterTypeName="Microsoft.VisualStudio.TestTools.TestTypes.Unit.UnitTestAdapter, Microsoft.VisualStudio.QualityTools.Tips.UnitTest.Adapter, Version=10.0.0.0, Culture=neutral, PublicKeyToken=b03f5f7f11d50a3a" className="Cooper.Model.Test.TeamTaskTest, Cooper.Model.Test, Version=1.0.0.0, Culture=neutral, PublicKeyToken=null" name="DeleteTeamTask" />
    </UnitTest>
    <UnitTest name="GetTasksTest" storage="d:\codesharp\cooper\src\cooper.model.test\bin\debug\cooper.model.test.dll" id="6e58154c-fd55-5452-cf92-7d3f48ff8db7">
      <Execution id="8b53dbd9-18b3-49e1-a231-24006a26b22f" />
      <TestMethod codeBase="D:/codesharp/cooper/src/Cooper.Model.Test/bin/Debug/Cooper.Model.Test.DLL" adapterTypeName="Microsoft.VisualStudio.TestTools.TestTypes.Unit.UnitTestAdapter, Microsoft.VisualStudio.QualityTools.Tips.UnitTest.Adapter, Version=10.0.0.0, Culture=neutral, PublicKeyToken=b03f5f7f11d50a3a" className="Cooper.Model.Test.TeamTaskTest, Cooper.Model.Test, Version=1.0.0.0, Culture=neutral, PublicKeyToken=null" name="GetTasksTest" />
    </UnitTest>
    <UnitTest name="UpdateNameDuplicate" storage="d:\codesharp\cooper\src\cooper.model.test\bin\debug\cooper.model.test.dll" id="b98fc65f-cf67-d597-766d-2f140ed986eb">
      <Execution id="7012396e-24ac-4a70-9f2f-c601e87f19ca" />
      <TestMethod codeBase="D:/codesharp/cooper/src/Cooper.Model.Test/bin/Debug/Cooper.Model.Test.DLL" adapterTypeName="Microsoft.VisualStudio.TestTools.TestTypes.Unit.UnitTestAdapter, Microsoft.VisualStudio.QualityTools.Tips.UnitTest.Adapter, Version=10.0.0.0, Culture=neutral, PublicKeyToken=b03f5f7f11d50a3a" className="Cooper.Model.Test.AccountTest, Cooper.Model.Test, Version=1.0.0.0, Culture=neutral, PublicKeyToken=null" name="UpdateNameDuplicate" />
    </UnitTest>
    <UnitTest name="LastUpdateTime" storage="d:\codesharp\cooper\src\cooper.model.test\bin\debug\cooper.model.test.dll" id="58e1067b-0333-8325-3aae-c6580b7f860e">
      <Execution id="c635a8a6-f18a-4acf-bade-9062811b292c" />
      <TestMethod codeBase="D:/codesharp/cooper/src/Cooper.Model.Test/bin/Debug/Cooper.Model.Test.DLL" adapterTypeName="Microsoft.VisualStudio.TestTools.TestTypes.Unit.UnitTestAdapter, Microsoft.VisualStudio.QualityTools.Tips.UnitTest.Adapter, Version=10.0.0.0, Culture=neutral, PublicKeyToken=b03f5f7f11d50a3a" className="Cooper.Model.Test.TaskTest, Cooper.Model.Test, Version=1.0.0.0, Culture=neutral, PublicKeyToken=null" name="LastUpdateTime" />
    </UnitTest>
    <UnitTest name="GetSystemAddressBooks" storage="d:\codesharp\cooper\src\cooper.model.test\bin\debug\cooper.model.test.dll" id="c2db2f3c-e72a-ef78-f3e9-abbb6b0cee0d">
      <Execution id="5069d7c5-bb74-4b6c-be86-6bc84542d588" />
      <TestMethod codeBase="D:/codesharp/cooper/src/Cooper.Model.Test/bin/Debug/Cooper.Model.Test.DLL" adapterTypeName="Microsoft.VisualStudio.TestTools.TestTypes.Unit.UnitTestAdapter, Microsoft.VisualStudio.QualityTools.Tips.UnitTest.Adapter, Version=10.0.0.0, Culture=neutral, PublicKeyToken=b03f5f7f11d50a3a" className="Cooper.Model.Test.AddressBookTest, Cooper.Model.Test, Version=1.0.0.0, Culture=neutral, PublicKeyToken=null" name="GetSystemAddressBooks" />
    </UnitTest>
    <UnitTest name="CreateContact" storage="d:\codesharp\cooper\src\cooper.model.test\bin\debug\cooper.model.test.dll" id="d746c5d0-3d98-ac4c-fc58-d127cce72a3b">
      <Execution id="9d80cd08-88ea-473c-8616-a61df0d203ff" />
      <TestMethod codeBase="D:/codesharp/cooper/src/Cooper.Model.Test/bin/Debug/Cooper.Model.Test.DLL" adapterTypeName="Microsoft.VisualStudio.TestTools.TestTypes.Unit.UnitTestAdapter, Microsoft.VisualStudio.QualityTools.Tips.UnitTest.Adapter, Version=10.0.0.0, Culture=neutral, PublicKeyToken=b03f5f7f11d50a3a" className="Cooper.Model.Test.ContactTest, Cooper.Model.Test, Version=1.0.0.0, Culture=neutral, PublicKeyToken=null" name="CreateContact" />
    </UnitTest>
    <UnitTest name="CreateDuplicate" storage="d:\codesharp\cooper\src\cooper.model.test\bin\debug\cooper.model.test.dll" id="336ba6fd-9eba-43b6-5a00-b089e2169089">
      <Execution id="8e542c56-4cdb-406a-a034-8b8c57ca1f67" />
      <TestMethod codeBase="D:/codesharp/cooper/src/Cooper.Model.Test/bin/Debug/Cooper.Model.Test.DLL" adapterTypeName="Microsoft.VisualStudio.TestTools.TestTypes.Unit.UnitTestAdapter, Microsoft.VisualStudio.QualityTools.Tips.UnitTest.Adapter, Version=10.0.0.0, Culture=neutral, PublicKeyToken=b03f5f7f11d50a3a" className="Cooper.Model.Test.AccountConnectionTest, Cooper.Model.Test, Version=1.0.0.0, Culture=neutral, PublicKeyToken=null" name="CreateDuplicate" />
    </UnitTest>
    <UnitTest name="CreateDuplicate" storage="d:\codesharp\cooper\src\cooper.model.test\bin\debug\cooper.model.test.dll" id="533ff83c-055e-d13f-cd60-ca6f34072d11">
      <Execution id="9cc7ba23-ad3b-4b3f-b2af-7fcbcbd02684" />
      <TestMethod codeBase="D:/codesharp/cooper/src/Cooper.Model.Test/bin/Debug/Cooper.Model.Test.DLL" adapterTypeName="Microsoft.VisualStudio.TestTools.TestTypes.Unit.UnitTestAdapter, Microsoft.VisualStudio.QualityTools.Tips.UnitTest.Adapter, Version=10.0.0.0, Culture=neutral, PublicKeyToken=b03f5f7f11d50a3a" className="Cooper.Model.Test.AccountTest, Cooper.Model.Test, Version=1.0.0.0, Culture=neutral, PublicKeyToken=null" name="CreateDuplicate" />
    </UnitTest>
    <UnitTest name="UpdateName" storage="d:\codesharp\cooper\src\cooper.model.test\bin\debug\cooper.model.test.dll" id="56a1675e-17e2-f629-55a2-747f0e290948">
      <Execution id="fbb14176-008b-49ad-bf19-a6cca9e77abb" />
      <TestMethod codeBase="D:/codesharp/cooper/src/Cooper.Model.Test/bin/Debug/Cooper.Model.Test.DLL" adapterTypeName="Microsoft.VisualStudio.TestTools.TestTypes.Unit.UnitTestAdapter, Microsoft.VisualStudio.QualityTools.Tips.UnitTest.Adapter, Version=10.0.0.0, Culture=neutral, PublicKeyToken=b03f5f7f11d50a3a" className="Cooper.Model.Test.AccountTest, Cooper.Model.Test, Version=1.0.0.0, Culture=neutral, PublicKeyToken=null" name="UpdateName" />
    </UnitTest>
    <UnitTest name="CreateBy" storage="d:\codesharp\cooper\src\cooper.model.test\bin\debug\cooper.model.test.dll" id="0bf38393-2485-e864-c9d9-635c658224de">
      <Execution id="70c2d417-32b0-49d9-bf3e-6c009babec5d" />
      <TestMethod codeBase="D:/codesharp/cooper/src/Cooper.Model.Test/bin/Debug/Cooper.Model.Test.DLL" adapterTypeName="Microsoft.VisualStudio.TestTools.TestTypes.Unit.UnitTestAdapter, Microsoft.VisualStudio.QualityTools.Tips.UnitTest.Adapter, Version=10.0.0.0, Culture=neutral, PublicKeyToken=b03f5f7f11d50a3a" className="Cooper.Model.Test.AccountTest, Cooper.Model.Test, Version=1.0.0.0, Culture=neutral, PublicKeyToken=null" name="CreateBy" />
    </UnitTest>
    <UnitTest name="CreatePersonalAddressBook" storage="d:\codesharp\cooper\src\cooper.model.test\bin\debug\cooper.model.test.dll" id="2bdeb9f7-08c2-3205-d27b-88b3882588ec">
      <Execution id="9631ba5b-c761-4a1a-9b43-6a46015139ac" />
      <TestMethod codeBase="D:/codesharp/cooper/src/Cooper.Model.Test/bin/Debug/Cooper.Model.Test.DLL" adapterTypeName="Microsoft.VisualStudio.TestTools.TestTypes.Unit.UnitTestAdapter, Microsoft.VisualStudio.QualityTools.Tips.UnitTest.Adapter, Version=10.0.0.0, Culture=neutral, PublicKeyToken=b03f5f7f11d50a3a" className="Cooper.Model.Test.AddressBookTest, Cooper.Model.Test, Version=1.0.0.0, Culture=neutral, PublicKeyToken=null" name="CreatePersonalAddressBook" />
    </UnitTest>
    <UnitTest name="CreateTeamTask" storage="d:\codesharp\cooper\src\cooper.model.test\bin\debug\cooper.model.test.dll" id="937cd6ec-6282-961a-6be3-ced5e822e79a">
      <Execution id="b967d9c6-7735-4024-bf28-e87ccf45e831" />
      <TestMethod codeBase="D:/codesharp/cooper/src/Cooper.Model.Test/bin/Debug/Cooper.Model.Test.DLL" adapterTypeName="Microsoft.VisualStudio.TestTools.TestTypes.Unit.UnitTestAdapter, Microsoft.VisualStudio.QualityTools.Tips.UnitTest.Adapter, Version=10.0.0.0, Culture=neutral, PublicKeyToken=b03f5f7f11d50a3a" className="Cooper.Model.Test.TeamTaskTest, Cooper.Model.Test, Version=1.0.0.0, Culture=neutral, PublicKeyToken=null" name="CreateTeamTask" />
    </UnitTest>
    <UnitTest name="Get" storage="d:\codesharp\cooper\src\cooper.model.test\bin\debug\cooper.model.test.dll" id="a8a5abdf-5ed3-ceee-5a9d-b37a46f25c37">
      <Execution id="13ba7ec1-1e11-4fdc-a750-204e022848be" />
      <TestMethod codeBase="D:/codesharp/cooper/src/Cooper.Model.Test/bin/Debug/Cooper.Model.Test.DLL" adapterTypeName="Microsoft.VisualStudio.TestTools.TestTypes.Unit.UnitTestAdapter, Microsoft.VisualStudio.QualityTools.Tips.UnitTest.Adapter, Version=10.0.0.0, Culture=neutral, PublicKeyToken=b03f5f7f11d50a3a" className="Cooper.Model.Test.TaskFolderTest, Cooper.Model.Test, Version=1.0.0.0, Culture=neutral, PublicKeyToken=null" name="Get" />
    </UnitTest>
    <UnitTest name="DeleteContact" storage="d:\codesharp\cooper\src\cooper.model.test\bin\debug\cooper.model.test.dll" id="9511a1d9-9929-d985-48b6-c8642245e2c5">
      <Execution id="eda6d37a-f05e-4f08-b44d-18142cbe558b" />
      <TestMethod codeBase="D:/codesharp/cooper/src/Cooper.Model.Test/bin/Debug/Cooper.Model.Test.DLL" adapterTypeName="Microsoft.VisualStudio.TestTools.TestTypes.Unit.UnitTestAdapter, Microsoft.VisualStudio.QualityTools.Tips.UnitTest.Adapter, Version=10.0.0.0, Culture=neutral, PublicKeyToken=b03f5f7f11d50a3a" className="Cooper.Model.Test.ContactTest, Cooper.Model.Test, Version=1.0.0.0, Culture=neutral, PublicKeyToken=null" name="DeleteContact" />
    </UnitTest>
    <UnitTest name="Create_Personal" storage="d:\codesharp\cooper\src\cooper.model.test\bin\debug\cooper.model.test.dll" id="53edc12e-e5d5-698d-b5cb-af5a7e436b46">
      <Execution id="89557e0a-5589-4bff-a95c-a4e869584f1d" />
      <TestMethod codeBase="D:/codesharp/cooper/src/Cooper.Model.Test/bin/Debug/Cooper.Model.Test.DLL" adapterTypeName="Microsoft.VisualStudio.TestTools.TestTypes.Unit.UnitTestAdapter, Microsoft.VisualStudio.QualityTools.Tips.UnitTest.Adapter, Version=10.0.0.0, Culture=neutral, PublicKeyToken=b03f5f7f11d50a3a" className="Cooper.Model.Test.TaskFolderTest, Cooper.Model.Test, Version=1.0.0.0, Culture=neutral, PublicKeyToken=null" name="Create_Personal" />
    </UnitTest>
    <UnitTest name="Update_Personal" storage="d:\codesharp\cooper\src\cooper.model.test\bin\debug\cooper.model.test.dll" id="83f472d3-4df8-b068-9bab-33da38948700">
      <Execution id="8c8e104f-02bb-43f0-b707-136b795d04ae" />
      <TestMethod codeBase="D:/codesharp/cooper/src/Cooper.Model.Test/bin/Debug/Cooper.Model.Test.DLL" adapterTypeName="Microsoft.VisualStudio.TestTools.TestTypes.Unit.UnitTestAdapter, Microsoft.VisualStudio.QualityTools.Tips.UnitTest.Adapter, Version=10.0.0.0, Culture=neutral, PublicKeyToken=b03f5f7f11d50a3a" className="Cooper.Model.Test.TaskFolderTest, Cooper.Model.Test, Version=1.0.0.0, Culture=neutral, PublicKeyToken=null" name="Update_Personal" />
    </UnitTest>
    <UnitTest name="DeletePersonalAddressBook" storage="d:\codesharp\cooper\src\cooper.model.test\bin\debug\cooper.model.test.dll" id="995a3f19-df72-c571-3442-7b6fb75d2593">
      <Execution id="4d92ff81-1535-4a11-940d-ed33981c868b" />
      <TestMethod codeBase="D:/codesharp/cooper/src/Cooper.Model.Test/bin/Debug/Cooper.Model.Test.DLL" adapterTypeName="Microsoft.VisualStudio.TestTools.TestTypes.Unit.UnitTestAdapter, Microsoft.VisualStudio.QualityTools.Tips.UnitTest.Adapter, Version=10.0.0.0, Culture=neutral, PublicKeyToken=b03f5f7f11d50a3a" className="Cooper.Model.Test.AddressBookTest, Cooper.Model.Test, Version=1.0.0.0, Culture=neutral, PublicKeyToken=null" name="DeletePersonalAddressBook" />
    </UnitTest>
    <UnitTest name="GetContacts" storage="d:\codesharp\cooper\src\cooper.model.test\bin\debug\cooper.model.test.dll" id="b6a675e4-e04a-400f-de90-a8342434e5b6">
      <Execution id="683e9714-99d5-484d-bc39-2bbd7c745392" />
      <TestMethod codeBase="D:/codesharp/cooper/src/Cooper.Model.Test/bin/Debug/Cooper.Model.Test.DLL" adapterTypeName="Microsoft.VisualStudio.TestTools.TestTypes.Unit.UnitTestAdapter, Microsoft.VisualStudio.QualityTools.Tips.UnitTest.Adapter, Version=10.0.0.0, Culture=neutral, PublicKeyToken=b03f5f7f11d50a3a" className="Cooper.Model.Test.ContactTest, Cooper.Model.Test, Version=1.0.0.0, Culture=neutral, PublicKeyToken=null" name="GetContacts" />
    </UnitTest>
    <UnitTest name="CreateGoole" storage="d:\codesharp\cooper\src\cooper.model.test\bin\debug\cooper.model.test.dll" id="78803d5f-6691-8bb5-c8c5-8def51015e0b">
      <Execution id="af9524b7-41f4-474d-83e7-7a62177bda4a" />
      <TestMethod codeBase="D:/codesharp/cooper/src/Cooper.Model.Test/bin/Debug/Cooper.Model.Test.DLL" adapterTypeName="Microsoft.VisualStudio.TestTools.TestTypes.Unit.UnitTestAdapter, Microsoft.VisualStudio.QualityTools.Tips.UnitTest.Adapter, Version=10.0.0.0, Culture=neutral, PublicKeyToken=b03f5f7f11d50a3a" className="Cooper.Model.Test.AccountConnectionTest, Cooper.Model.Test, Version=1.0.0.0, Culture=neutral, PublicKeyToken=null" name="CreateGoole" />
    </UnitTest>
  </TestDefinitions>
  <TestLists>
    <TestList name="Results Not in a List" id="8c84fa94-04c1-424b-9868-57a2d4851a1d" />
    <TestList name="All Loaded Results" id="19431567-8539-422a-85d7-44ee4e166bda" />
  </TestLists>
  <TestEntries>
    <TestEntry testId="3b71aa9f-9c96-59c5-443d-08bfb0259c87" executionId="3df78a43-1c0a-4ed9-b0ab-0c61836d7e03" testListId="8c84fa94-04c1-424b-9868-57a2d4851a1d" />
    <TestEntry testId="e76ef579-03b7-36d3-6242-8a83c06fecf0" executionId="519a5a4b-96f6-4989-9741-3edc61b41aae" testListId="8c84fa94-04c1-424b-9868-57a2d4851a1d" />
    <TestEntry testId="2bdeb9f7-08c2-3205-d27b-88b3882588ec" executionId="9631ba5b-c761-4a1a-9b43-6a46015139ac" testListId="8c84fa94-04c1-424b-9868-57a2d4851a1d" />
    <TestEntry testId="d3bc33f5-d7ec-9402-1517-1e0f50c38ba0" executionId="fff159dc-360e-41a5-9726-f7b0e379ce85" testListId="8c84fa94-04c1-424b-9868-57a2d4851a1d" />
    <TestEntry testId="51718b8e-ef13-f85e-4222-814c2f37b0de" executionId="bff8bde8-9e8f-4e03-9833-0efef31cfa24" testListId="8c84fa94-04c1-424b-9868-57a2d4851a1d" />
    <TestEntry testId="995a3f19-df72-c571-3442-7b6fb75d2593" executionId="4d92ff81-1535-4a11-940d-ed33981c868b" testListId="8c84fa94-04c1-424b-9868-57a2d4851a1d" />
    <TestEntry testId="0600f781-1a88-5516-fea7-0bd69f15aba2" executionId="525afe8d-7331-4fb0-9476-b52d8842caf4" testListId="8c84fa94-04c1-424b-9868-57a2d4851a1d" />
    <TestEntry testId="c2db2f3c-e72a-ef78-f3e9-abbb6b0cee0d" executionId="5069d7c5-bb74-4b6c-be86-6bc84542d588" testListId="8c84fa94-04c1-424b-9868-57a2d4851a1d" />
    <TestEntry testId="53edc12e-e5d5-698d-b5cb-af5a7e436b46" executionId="89557e0a-5589-4bff-a95c-a4e869584f1d" testListId="8c84fa94-04c1-424b-9868-57a2d4851a1d" />
    <TestEntry testId="83f472d3-4df8-b068-9bab-33da38948700" executionId="8c8e104f-02bb-43f0-b707-136b795d04ae" testListId="8c84fa94-04c1-424b-9868-57a2d4851a1d" />
    <TestEntry testId="9691548e-385f-5f87-bebd-866a5d2875c4" executionId="89126f22-b5d8-4813-8273-4389330bc838" testListId="8c84fa94-04c1-424b-9868-57a2d4851a1d" />
    <TestEntry testId="a8a5abdf-5ed3-ceee-5a9d-b37a46f25c37" executionId="13ba7ec1-1e11-4fdc-a750-204e022848be" testListId="8c84fa94-04c1-424b-9868-57a2d4851a1d" />
    <TestEntry testId="227af9e1-ad10-7dfc-89e8-67e77f02eb42" executionId="09d947ec-1c18-4363-9188-41bdd8de46ef" testListId="8c84fa94-04c1-424b-9868-57a2d4851a1d" />
    <TestEntry testId="58e1067b-0333-8325-3aae-c6580b7f860e" executionId="c635a8a6-f18a-4acf-bade-9062811b292c" testListId="8c84fa94-04c1-424b-9868-57a2d4851a1d" />
    <TestEntry testId="1bf78f7f-4201-907d-b0ab-f65693b52ab7" executionId="9fcaefa5-84ec-4f75-b08f-170eb18d7cce" testListId="8c84fa94-04c1-424b-9868-57a2d4851a1d" />
    <TestEntry testId="29a630e8-3ea0-962a-4bb2-fc1964fb6b08" executionId="77bc0bd8-d2c4-4ab7-8c04-31716c76d398" testListId="8c84fa94-04c1-424b-9868-57a2d4851a1d" />
    <TestEntry testId="d746c5d0-3d98-ac4c-fc58-d127cce72a3b" executionId="9d80cd08-88ea-473c-8616-a61df0d203ff" testListId="8c84fa94-04c1-424b-9868-57a2d4851a1d" />
    <TestEntry testId="ca9f8142-f1ab-2294-18f2-20a777480912" executionId="aba2d47c-90f6-4279-b5e8-8918cab4694a" testListId="8c84fa94-04c1-424b-9868-57a2d4851a1d" />
    <TestEntry testId="9511a1d9-9929-d985-48b6-c8642245e2c5" executionId="eda6d37a-f05e-4f08-b44d-18142cbe558b" testListId="8c84fa94-04c1-424b-9868-57a2d4851a1d" />
    <TestEntry testId="b6a675e4-e04a-400f-de90-a8342434e5b6" executionId="683e9714-99d5-484d-bc39-2bbd7c745392" testListId="8c84fa94-04c1-424b-9868-57a2d4851a1d" />
    <TestEntry testId="f9822672-017a-ecdc-434c-7e60485687bf" executionId="9d1c8c80-f70e-4be5-99eb-7d13378078aa" testListId="8c84fa94-04c1-424b-9868-57a2d4851a1d" />
    <TestEntry testId="845d68d4-6cf9-5471-cc65-0f346d0da9e4" executionId="2e08f94c-a194-4492-943c-2c55fdb5cdd0" testListId="8c84fa94-04c1-424b-9868-57a2d4851a1d" />
    <TestEntry testId="e82d454d-9749-0586-d94f-e5d80cd1fb39" executionId="0836b83b-4374-484e-8bce-b7fc4109b3cb" testListId="8c84fa94-04c1-424b-9868-57a2d4851a1d" />
    <TestEntry testId="f510f0de-d7e6-5073-9bb2-880efb2facad" executionId="a1a26bab-6d97-491d-b6ab-9444968092f8" testListId="8c84fa94-04c1-424b-9868-57a2d4851a1d" />
    <TestEntry testId="533ff83c-055e-d13f-cd60-ca6f34072d11" executionId="9cc7ba23-ad3b-4b3f-b2af-7fcbcbd02684" testListId="8c84fa94-04c1-424b-9868-57a2d4851a1d" />
    <TestEntry testId="56a1675e-17e2-f629-55a2-747f0e290948" executionId="fbb14176-008b-49ad-bf19-a6cca9e77abb" testListId="8c84fa94-04c1-424b-9868-57a2d4851a1d" />
    <TestEntry testId="b98fc65f-cf67-d597-766d-2f140ed986eb" executionId="7012396e-24ac-4a70-9f2f-c601e87f19ca" testListId="8c84fa94-04c1-424b-9868-57a2d4851a1d" />
    <TestEntry testId="0bf38393-2485-e864-c9d9-635c658224de" executionId="70c2d417-32b0-49d9-bf3e-6c009babec5d" testListId="8c84fa94-04c1-424b-9868-57a2d4851a1d" />
    <TestEntry testId="d45ef949-d9cf-9025-889c-bdadd6519b01" executionId="78b5bb8c-7bb1-4096-a7ae-33888689b8a6" testListId="8c84fa94-04c1-424b-9868-57a2d4851a1d" />
    <TestEntry testId="22abd2d5-ed8a-2aea-037a-ddc4c76b6969" executionId="8d2f8b08-77af-4c28-bf3e-8c7fa563ef8d" testListId="8c84fa94-04c1-424b-9868-57a2d4851a1d" />
    <TestEntry testId="937cd6ec-6282-961a-6be3-ced5e822e79a" executionId="b967d9c6-7735-4024-bf28-e87ccf45e831" testListId="8c84fa94-04c1-424b-9868-57a2d4851a1d" />
    <TestEntry testId="feb4972d-6250-2d01-3c4d-efec1a4d61f9" executionId="ff5153b9-60c6-4f7e-934a-61c02a64abb6" testListId="8c84fa94-04c1-424b-9868-57a2d4851a1d" />
    <TestEntry testId="ffd6cb0f-9afd-7843-7e35-ff7ede5a21df" executionId="c39d74be-10d4-424f-ba46-6074dfc7616f" testListId="8c84fa94-04c1-424b-9868-57a2d4851a1d" />
    <TestEntry testId="6e58154c-fd55-5452-cf92-7d3f48ff8db7" executionId="8b53dbd9-18b3-49e1-a231-24006a26b22f" testListId="8c84fa94-04c1-424b-9868-57a2d4851a1d" />
    <TestEntry testId="fbf3575b-3c2a-baee-ac83-208aca200fd1" executionId="4f615c04-ed0e-4728-bbb6-93a56ea35a44" testListId="8c84fa94-04c1-424b-9868-57a2d4851a1d" />
    <TestEntry testId="c82a067e-2885-5dc7-c10a-bf157eda3153" executionId="cce451aa-ac51-43ff-90cb-b7b567f92737" testListId="8c84fa94-04c1-424b-9868-57a2d4851a1d" />
    <TestEntry testId="a5d8742b-148b-968f-da92-9f471f785f08" executionId="3698cbda-e3ff-4523-8fd9-dd4a69a42a9f" testListId="8c84fa94-04c1-424b-9868-57a2d4851a1d" />
    <TestEntry testId="139d910f-a367-3fea-51b4-4b3f9dbbb854" executionId="1aae52c8-21cb-4bfa-b67f-bcfb3cf973e1" testListId="8c84fa94-04c1-424b-9868-57a2d4851a1d" />
    <TestEntry testId="0912dddc-52be-91c7-0750-6b1a6735ec7f" executionId="64492794-619f-4d79-a00d-80f59f6bdab4" testListId="8c84fa94-04c1-424b-9868-57a2d4851a1d" />
    <TestEntry testId="4301ed8b-0efb-d2d1-6514-612586a26acd" executionId="e4778bc2-81b4-46ba-9909-390f1af8397b" testListId="8c84fa94-04c1-424b-9868-57a2d4851a1d" />
    <TestEntry testId="78803d5f-6691-8bb5-c8c5-8def51015e0b" executionId="af9524b7-41f4-474d-83e7-7a62177bda4a" testListId="8c84fa94-04c1-424b-9868-57a2d4851a1d" />
    <TestEntry testId="383329c4-c347-b028-9cd9-489b5ee50b66" executionId="f99d20b6-58eb-407d-8857-8f2f16dc40f7" testListId="8c84fa94-04c1-424b-9868-57a2d4851a1d" />
    <TestEntry testId="336ba6fd-9eba-43b6-5a00-b089e2169089" executionId="8e542c56-4cdb-406a-a034-8b8c57ca1f67" testListId="8c84fa94-04c1-424b-9868-57a2d4851a1d" />
    <TestEntry testId="36976b3e-6423-f7bc-5226-47b2aca47250" executionId="6c07674e-428a-4253-964a-ff635f127f02" testListId="8c84fa94-04c1-424b-9868-57a2d4851a1d" />
  </TestEntries>
  <Results>
    <UnitTestResult executionId="3df78a43-1c0a-4ed9-b0ab-0c61836d7e03" testId="3b71aa9f-9c96-59c5-443d-08bfb0259c87" testName="CreateTeam" computerName="TAOBAO86" duration="00:00:08.6170290" startTime="2012-08-24T10:00:20.8981742+08:00" endTime="2012-08-24T10:00:32.6083451+08:00" testType="13cdc9d9-ddb5-4fa4-a97d-d965ccfc6d4b" outcome="Passed" testListId="8c84fa94-04c1-424b-9868-57a2d4851a1d" relativeResultsDirectory="3df78a43-1c0a-4ed9-b0ab-0c61836d7e03">
      <Output>
        <StdOut>INFO [Agent: adapter run thread for test 'CreateTeam' with id '3df78a43-1c0a-4ed9-b0ab-0c61836d7e03'] (e:\codesharp\infrastructure\dotnet\src\CodeSharp.Core.Castles\includes\Castle.Facilities.NHibernateIntegration\NHibernateFacility.cs:239) - No Transaction Manager registered on Kernel, registering default Transaction Manager
DEBUG [Agent: adapter run thread for test 'CreateTeam' with id '3df78a43-1c0a-4ed9-b0ab-0c61836d7e03'] (e:\codesharp\infrastructure\dotnet\src\CodeSharp.Core.Castles\includes\Castle.Services.Transaction\IO\DirectoryAdapter.cs:32) - DirectoryAdapter created.
DEBUG [Agent: adapter run thread for test 'CreateTeam' with id '3df78a43-1c0a-4ed9-b0ab-0c61836d7e03'] (e:\codesharp\infrastructure\dotnet\src\CodeSharp.Core.Castles\includes\Castle.Services.Transaction\IO\FileAdapter.cs:38) - FileAdapter c'tor, no directory constraint.
DEBUG [Agent: adapter run thread for test 'CreateTeam' with id '3df78a43-1c0a-4ed9-b0ab-0c61836d7e03'] (e:\codesharp\infrastructure\dotnet\src\CodeSharp.Core.Castles\includes\Castle.Services.Transaction\Managers\DefaultTransactionManager.cs:38) - DefaultTransactionManager created.
 INFO [Agent: adapter run thread for test 'CreateTeam' with id '3df78a43-1c0a-4ed9-b0ab-0c61836d7e03'] (e:\codesharp\infrastructure\dotnet\src\CodeSharp.Core.Castles\Log4NetLogger.cs:87) - 不启用NamingSubSystem=NamingSubsystemForDefaultComponent，Castle升级至3.0后无需此子系统
 INFO [Agent: adapter run thread for test 'CreateTeam' with id '3df78a43-1c0a-4ed9-b0ab-0c61836d7e03'] (e:\codesharp\infrastructure\dotnet\src\CodeSharp.Core.Castles\Log4NetLogger.cs:87) - 强制使用Log4Net日志工厂
 INFO [Agent: adapter run thread for test 'CreateTeam' with id '3df78a43-1c0a-4ed9-b0ab-0c61836d7e03'] (e:\codesharp\infrastructure\dotnet\src\CodeSharp.Core.Castles\Log4NetLogger.cs:87) - 强制设置Common.Logging使用Common.Logging.Log4Net实现
DEBUG [Agent: adapter run thread for test 'CreateTeam' with id '3df78a43-1c0a-4ed9-b0ab-0c61836d7e03'] (e:\codesharp\infrastructure\dotnet\src\CodeSharp.Core.Castles\includes\Castle.Services.Transaction\Managers\DefaultTransactionManager.cs:104) - Transaction "Tx #44428260" created
DEBUG [Agent: adapter run thread for test 'CreateTeam' with id '3df78a43-1c0a-4ed9-b0ab-0c61836d7e03'] (:0) - SELECT this_.ID as ID5_0_ FROM Cooper_Lock this_ with (updlock, rowlock) WHERE this_.ID = @p0;@p0 = 'Account' [Type: String (4000)]
DEBUG [Agent: adapter run thread for test 'CreateTeam' with id '3df78a43-1c0a-4ed9-b0ab-0c61836d7e03'] (e:\codesharp\infrastructure\dotnet\src\CodeSharp.Core.Castles\includes\Castle.Facilities.AutoTx\TransactionInterceptor.cs:140) - Committing transaction 44428260
DEBUG [Agent: adapter run thread for test 'CreateTeam' with id '3df78a43-1c0a-4ed9-b0ab-0c61836d7e03'] (e:\codesharp\infrastructure\dotnet\src\CodeSharp.Core.Castles\includes\Castle.Services.Transaction\Managers\DefaultTransactionManager.cs:218) - Transaction Tx #44428260 disposed successfully
DEBUG [Agent: adapter run thread for test 'CreateTeam' with id '3df78a43-1c0a-4ed9-b0ab-0c61836d7e03'] (e:\codesharp\infrastructure\dotnet\src\CodeSharp.Core.Castles\includes\Castle.Services.Transaction\Managers\DefaultTransactionManager.cs:104) - Transaction "Tx #19557422" created
DEBUG [Agent: adapter run thread for test 'CreateTeam' with id '3df78a43-1c0a-4ed9-b0ab-0c61836d7e03'] (:0) - SELECT this_.ID as ID5_0_ FROM Cooper_Lock this_ with (updlock, rowlock) WHERE this_.ID = @p0;@p0 = 'GoogleConnection' [Type: String (4000)]
DEBUG [Agent: adapter run thread for test 'CreateTeam' with id '3df78a43-1c0a-4ed9-b0ab-0c61836d7e03'] (e:\codesharp\infrastructure\dotnet\src\CodeSharp.Core.Castles\includes\Castle.Facilities.AutoTx\TransactionInterceptor.cs:140) - Committing transaction 19557422
DEBUG [Agent: adapter run thread for test 'CreateTeam' with id '3df78a43-1c0a-4ed9-b0ab-0c61836d7e03'] (e:\codesharp\infrastructure\dotnet\src\CodeSharp.Core.Castles\includes\Castle.Services.Transaction\Managers\DefaultTransactionManager.cs:218) - Transaction Tx #19557422 disposed successfully
DEBUG [Agent: adapter run thread for test 'CreateTeam' with id '3df78a43-1c0a-4ed9-b0ab-0c61836d7e03'] (e:\codesharp\infrastructure\dotnet\src\CodeSharp.Core.Castles\includes\Castle.Services.Transaction\Managers\DefaultTransactionManager.cs:104) - Transaction "Tx #42567717" created
DEBUG [Agent: adapter run thread for test 'CreateTeam' with id '3df78a43-1c0a-4ed9-b0ab-0c61836d7e03'] (:0) - SELECT this_.ID as ID5_0_ FROM Cooper_Lock this_ with (updlock, rowlock) WHERE this_.ID = @p0;@p0 = 'GitHubConnection' [Type: String (4000)]
DEBUG [Agent: adapter run thread for test 'CreateTeam' with id '3df78a43-1c0a-4ed9-b0ab-0c61836d7e03'] (e:\codesharp\infrastructure\dotnet\src\CodeSharp.Core.Castles\includes\Castle.Facilities.AutoTx\TransactionInterceptor.cs:140) - Committing transaction 42567717
DEBUG [Agent: adapter run thread for test 'CreateTeam' with id '3df78a43-1c0a-4ed9-b0ab-0c61836d7e03'] (e:\codesharp\infrastructure\dotnet\src\CodeSharp.Core.Castles\includes\Castle.Services.Transaction\Managers\DefaultTransactionManager.cs:218) - Transaction Tx #42567717 disposed successfully
DEBUG [Agent: adapter run thread for test 'CreateTeam' with id '3df78a43-1c0a-4ed9-b0ab-0c61836d7e03'] (e:\codesharp\infrastructure\dotnet\src\CodeSharp.Core.Castles\includes\Castle.Services.Transaction\Managers\DefaultTransactionManager.cs:104) - Transaction "Tx #1023491" created
DEBUG [Agent: adapter run thread for test 'CreateTeam' with id '3df78a43-1c0a-4ed9-b0ab-0c61836d7e03'] (:0) - SELECT this_.ID as ID5_0_ FROM Cooper_Lock this_ with (updlock, rowlock) WHERE this_.ID = @p0;@p0 = 'Member' [Type: String (4000)]
DEBUG [Agent: adapter run thread for test 'CreateTeam' with id '3df78a43-1c0a-4ed9-b0ab-0c61836d7e03'] (e:\codesharp\infrastructure\dotnet\src\CodeSharp.Core.Castles\includes\Castle.Facilities.AutoTx\TransactionInterceptor.cs:140) - Committing transaction 1023491
DEBUG [Agent: adapter run thread for test 'CreateTeam' with id '3df78a43-1c0a-4ed9-b0ab-0c61836d7e03'] (e:\codesharp\infrastructure\dotnet\src\CodeSharp.Core.Castles\includes\Castle.Services.Transaction\Managers\DefaultTransactionManager.cs:218) - Transaction Tx #1023491 disposed successfully
DEBUG [Agent: adapter run thread for test 'CreateTeam' with id '3df78a43-1c0a-4ed9-b0ab-0c61836d7e03'] (e:\codesharp\infrastructure\dotnet\src\CodeSharp.Core.Castles\includes\Castle.Services.Transaction\Managers\DefaultTransactionManager.cs:104) - Transaction "Tx #12431803" created
 INFO [Agent: adapter run thread for test 'CreateTeam' with id '3df78a43-1c0a-4ed9-b0ab-0c61836d7e03'] (e:\codesharp\infrastructure\dotnet\src\CodeSharp.Core.Castles\Log4NetLogger.cs:92) - ----Transaction Created, name:Tx #12431803, isChild:False
DEBUG [Agent: adapter run thread for test 'CreateTeam' with id '3df78a43-1c0a-4ed9-b0ab-0c61836d7e03'] (:0) - INSERT INTO Cooper_Team (Name, CreateTime) VALUES (@p0, @p1); select SCOPE_IDENTITY();@p0 = 'Team 1' [Type: String (4000)], @p1 = 2012/8/24 10:00:32 [Type: DateTime (0)]
 INFO [Agent: adapter run thread for test 'CreateTeam' with id '3df78a43-1c0a-4ed9-b0ab-0c61836d7e03'] (e:\codesharp\infrastructure\dotnet\src\CodeSharp.Core.Castles\Log4NetLogger.cs:92) - 新增团队#1661|Team 1
DEBUG [Agent: adapter run thread for test 'CreateTeam' with id '3df78a43-1c0a-4ed9-b0ab-0c61836d7e03'] (e:\codesharp\infrastructure\dotnet\src\CodeSharp.Core.Castles\includes\Castle.Facilities.AutoTx\TransactionInterceptor.cs:140) - Committing transaction 12431803
 INFO [Agent: adapter run thread for test 'CreateTeam' with id '3df78a43-1c0a-4ed9-b0ab-0c61836d7e03'] (e:\codesharp\infrastructure\dotnet\src\CodeSharp.Core.Castles\Log4NetLogger.cs:92) - ----Transaction Completed, name:Tx #12431803, isChild:False
 INFO [Agent: adapter run thread for test 'CreateTeam' with id '3df78a43-1c0a-4ed9-b0ab-0c61836d7e03'] (e:\codesharp\infrastructure\dotnet\src\CodeSharp.Core.Castles\Log4NetLogger.cs:92) - ----Transaction Disposed, name:Tx #12431803, isChild:False
DEBUG [Agent: adapter run thread for test 'CreateTeam' with id '3df78a43-1c0a-4ed9-b0ab-0c61836d7e03'] (e:\codesharp\infrastructure\dotnet\src\CodeSharp.Core.Castles\includes\Castle.Services.Transaction\Managers\DefaultTransactionManager.cs:218) - Transaction Tx #12431803 disposed successfully
DEBUG [Agent: adapter run thread for test 'CreateTeam' with id '3df78a43-1c0a-4ed9-b0ab-0c61836d7e03'] (:0) - SELECT team0_.ID as ID12_0_, team0_.Name as Name12_0_, team0_.CreateTime as CreateTime12_0_ FROM Cooper_Team team0_ WHERE team0_.ID=@p0;@p0 = 1661 [Type: Int32 (0)]</StdOut>
        <DebugTrace>Castle.Facilities.NHibernateIntegration.NHibernateFacility: No Transaction Manager registered on Kernel, registering default Transaction Manager
Castle.Services.Transaction.IO.DirectoryAdapter: DirectoryAdapter created.
Castle.Services.Transaction.IO.FileAdapter: FileAdapter c'tor, no directory constraint.
Castle.Services.Transaction.DefaultTransactionManager: DefaultTransactionManager created.
CodeSharp.Core.Castles.ConfigurationExtensions: 不启用NamingSubSystem=NamingSubsystemForDefaultComponent，Castle升级至3.0后无需此子系统
CodeSharp.Core.Castles.ConfigurationExtensions: 强制使用Log4Net日志工厂
CodeSharp.Core.Castles.ConfigurationExtensions: 强制设置Common.Logging使用Common.Logging.Log4Net实现
Castle.Services.Transaction.DefaultTransactionManager: Transaction "Tx #44428260" created
NHibernate.SQL: SELECT this_.ID as ID5_0_ FROM Cooper_Lock this_ with (updlock, rowlock) WHERE this_.ID = @p0;@p0 = 'Account' [Type: String (4000)]
Castle.Facilities.AutoTx.TransactionInterceptor: Committing transaction 44428260
Castle.Services.Transaction.DefaultTransactionManager: Transaction Tx #44428260 disposed successfully
Castle.Services.Transaction.DefaultTransactionManager: Transaction "Tx #19557422" created
NHibernate.SQL: SELECT this_.ID as ID5_0_ FROM Cooper_Lock this_ with (updlock, rowlock) WHERE this_.ID = @p0;@p0 = 'GoogleConnection' [Type: String (4000)]
Castle.Facilities.AutoTx.TransactionInterceptor: Committing transaction 19557422
Castle.Services.Transaction.DefaultTransactionManager: Transaction Tx #19557422 disposed successfully
Castle.Services.Transaction.DefaultTransactionManager: Transaction "Tx #42567717" created
NHibernate.SQL: SELECT this_.ID as ID5_0_ FROM Cooper_Lock this_ with (updlock, rowlock) WHERE this_.ID = @p0;@p0 = 'GitHubConnection' [Type: String (4000)]
Castle.Facilities.AutoTx.TransactionInterceptor: Committing transaction 42567717
Castle.Services.Transaction.DefaultTransactionManager: Transaction Tx #42567717 disposed successfully
Castle.Services.Transaction.DefaultTransactionManager: Transaction "Tx #1023491" created
NHibernate.SQL: SELECT this_.ID as ID5_0_ FROM Cooper_Lock this_ with (updlock, rowlock) WHERE this_.ID = @p0;@p0 = 'Member' [Type: String (4000)]
Castle.Facilities.AutoTx.TransactionInterceptor: Committing transaction 1023491
Castle.Services.Transaction.DefaultTransactionManager: Transaction Tx #1023491 disposed successfully
Castle.Services.Transaction.DefaultTransactionManager: Transaction "Tx #12431803" created
Cooper.Model.Test.TeamTest: ----Transaction Created, name:Tx #12431803, isChild:False
NHibernate.SQL: INSERT INTO Cooper_Team (Name, CreateTime) VALUES (@p0, @p1); select SCOPE_IDENTITY();@p0 = 'Team 1' [Type: String (4000)], @p1 = 2012/8/24 10:00:32 [Type: DateTime (0)]
Cooper.Model.Teams.TeamService: 新增团队#1661|Team 1
Castle.Facilities.AutoTx.TransactionInterceptor: Committing transaction 12431803
Cooper.Model.Test.TeamTest: ----Transaction Completed, name:Tx #12431803, isChild:False
Cooper.Model.Test.TeamTest: ----Transaction Disposed, name:Tx #12431803, isChild:False
Castle.Services.Transaction.DefaultTransactionManager: Transaction Tx #12431803 disposed successfully
NHibernate.SQL: SELECT team0_.ID as ID12_0_, team0_.Name as Name12_0_, team0_.CreateTime as CreateTime12_0_ FROM Cooper_Team team0_ WHERE team0_.ID=@p0;@p0 = 1661 [Type: Int32 (0)]
</DebugTrace>
      </Output>
    </UnitTestResult>
    <UnitTestResult executionId="519a5a4b-96f6-4989-9741-3edc61b41aae" testId="e76ef579-03b7-36d3-6242-8a83c06fecf0" testName="AddTeamMemberWithDuplicateEmailTest" computerName="TAOBAO86" duration="00:00:07.0505082" startTime="2012-08-24T10:00:32.6373480+08:00" endTime="2012-08-24T10:00:39.6950537+08:00" testType="13cdc9d9-ddb5-4fa4-a97d-d965ccfc6d4b" outcome="Passed" testListId="8c84fa94-04c1-424b-9868-57a2d4851a1d" relativeResultsDirectory="519a5a4b-96f6-4989-9741-3edc61b41aae">
      <Output>
        <StdOut>DEBUG [Agent: adapter run thread for test 'AddTeamMemberWithDuplicateEmailTest' with id '519a5a4b-96f6-4989-9741-3edc61b41aae'] (e:\codesharp\infrastructure\dotnet\src\CodeSharp.Core.Castles\includes\Castle.Services.Transaction\Managers\DefaultTransactionManager.cs:104) - Transaction "Tx #29713022" created
 INFO [Agent: adapter run thread for test 'AddTeamMemberWithDuplicateEmailTest' with id '519a5a4b-96f6-4989-9741-3edc61b41aae'] (e:\codesharp\infrastructure\dotnet\src\CodeSharp.Core.Castles\Log4NetLogger.cs:92) - ----Transaction Created, name:Tx #29713022, isChild:False
DEBUG [Agent: adapter run thread for test 'AddTeamMemberWithDuplicateEmailTest' with id '519a5a4b-96f6-4989-9741-3edc61b41aae'] (:0) - INSERT INTO Cooper_Team (Name, CreateTime) VALUES (@p0, @p1); select SCOPE_IDENTITY();@p0 = 'Cooper_2012082410003263481399232671351448' [Type: String (4000)], @p1 = 2012/8/24 10:00:32 [Type: DateTime (0)]
 INFO [Agent: adapter run thread for test 'AddTeamMemberWithDuplicateEmailTest' with id '519a5a4b-96f6-4989-9741-3edc61b41aae'] (e:\codesharp\infrastructure\dotnet\src\CodeSharp.Core.Castles\Log4NetLogger.cs:92) - 新增团队#1662|Cooper_2012082410003263481399232671351448
DEBUG [Agent: adapter run thread for test 'AddTeamMemberWithDuplicateEmailTest' with id '519a5a4b-96f6-4989-9741-3edc61b41aae'] (e:\codesharp\infrastructure\dotnet\src\CodeSharp.Core.Castles\includes\Castle.Facilities.AutoTx\TransactionInterceptor.cs:140) - Committing transaction 29713022
 INFO [Agent: adapter run thread for test 'AddTeamMemberWithDuplicateEmailTest' with id '519a5a4b-96f6-4989-9741-3edc61b41aae'] (e:\codesharp\infrastructure\dotnet\src\CodeSharp.Core.Castles\Log4NetLogger.cs:92) - ----Transaction Completed, name:Tx #29713022, isChild:False
 INFO [Agent: adapter run thread for test 'AddTeamMemberWithDuplicateEmailTest' with id '519a5a4b-96f6-4989-9741-3edc61b41aae'] (e:\codesharp\infrastructure\dotnet\src\CodeSharp.Core.Castles\Log4NetLogger.cs:92) - ----Transaction Disposed, name:Tx #29713022, isChild:False
DEBUG [Agent: adapter run thread for test 'AddTeamMemberWithDuplicateEmailTest' with id '519a5a4b-96f6-4989-9741-3edc61b41aae'] (e:\codesharp\infrastructure\dotnet\src\CodeSharp.Core.Castles\includes\Castle.Services.Transaction\Managers\DefaultTransactionManager.cs:218) - Transaction Tx #29713022 disposed successfully
 INFO [15] (e:\codesharp\infrastructure\dotnet\src\CodeSharp.Core.Castles\Log4NetLogger.cs:87) - -----------calling fun
 INFO [Agent: adapter run thread for test 'AddTeamMemberWithDuplicateEmailTest' with id '519a5a4b-96f6-4989-9741-3edc61b41aae'] (e:\codesharp\infrastructure\dotnet\src\CodeSharp.Core.Castles\Log4NetLogger.cs:87) - -----------calling fun
DEBUG [15] (e:\codesharp\infrastructure\dotnet\src\CodeSharp.Core.Castles\includes\Castle.Services.Transaction\Managers\DefaultTransactionManager.cs:104) - Transaction "Tx #42931033" created
DEBUG [Agent: adapter run thread for test 'AddTeamMemberWithDuplicateEmailTest' with id '519a5a4b-96f6-4989-9741-3edc61b41aae'] (e:\codesharp\infrastructure\dotnet\src\CodeSharp.Core.Castles\includes\Castle.Services.Transaction\Managers\DefaultTransactionManager.cs:104) - Transaction "Tx #49581506" created
 INFO [15] (e:\codesharp\infrastructure\dotnet\src\CodeSharp.Core.Castles\Log4NetLogger.cs:92) - ----Transaction Created, name:Tx #42931033, isChild:False
 INFO [Agent: adapter run thread for test 'AddTeamMemberWithDuplicateEmailTest' with id '519a5a4b-96f6-4989-9741-3edc61b41aae'] (e:\codesharp\infrastructure\dotnet\src\CodeSharp.Core.Castles\Log4NetLogger.cs:92) - ----Transaction Created, name:Tx #49581506, isChild:False
DEBUG [15] (:0) - SELECT this_.ID as ID5_0_ FROM Cooper_Lock this_ with (updlock, rowlock) WHERE this_.ID = @p0;@p0 = 'Member' [Type: String (4000)]
DEBUG [Agent: adapter run thread for test 'AddTeamMemberWithDuplicateEmailTest' with id '519a5a4b-96f6-4989-9741-3edc61b41aae'] (:0) - SELECT this_.ID as ID5_0_ FROM Cooper_Lock this_ with (updlock, rowlock) WHERE this_.ID = @p0;@p0 = 'Member' [Type: String (4000)]
DEBUG [15] (:0) - SELECT this_.ID as ID6_0_, this_.TeamId as TeamId6_0_, this_.Name as Name6_0_, this_.Email as Email6_0_, this_.CreateTime as CreateTime6_0_, this_.AssociatedAccountId as Associat6_6_0_ FROM Cooper_TeamMember this_ WHERE this_.TeamId = @p0 and this_.Email = @p1;@p0 = 1662 [Type: Int32 (0)], @p1 = 'Cooper_2012082410003263481399232714355783' [Type: String (4000)]
DEBUG [15] (:0) - SELECT team0_.ID as ID12_0_, team0_.Name as Name12_0_, team0_.CreateTime as CreateTime12_0_ FROM Cooper_Team team0_ WHERE team0_.ID=@p0;@p0 = 1662 [Type: Int32 (0)]
DEBUG [15] (:0) - SELECT members0_.TeamId as TeamId1_, members0_.ID as ID1_, members0_.ID as ID6_0_, members0_.TeamId as TeamId6_0_, members0_.Name as Name6_0_, members0_.Email as Email6_0_, members0_.CreateTime as CreateTime6_0_, members0_.AssociatedAccountId as Associat6_6_0_ FROM Cooper_TeamMember members0_ WHERE members0_.TeamId=@p0;@p0 = 1662 [Type: Int32 (0)]
DEBUG [15] (e:\codesharp\infrastructure\dotnet\src\CodeSharp.Core.Castles\includes\Castle.Facilities.AutoTx\TransactionInterceptor.cs:140) - Committing transaction 42931033
DEBUG [15] (:0) - INSERT INTO Cooper_TeamMember (TeamId, Name, Email, CreateTime, AssociatedAccountId) VALUES (@p0, @p1, @p2, @p3, @p4); select SCOPE_IDENTITY();@p0 = 1662 [Type: Int32 (0)], @p1 = 'Cooper_2012082410003263481399232714355746' [Type: String (4000)], @p2 = 'Cooper_2012082410003263481399232714355783' [Type: String (4000)], @p3 = 2012/8/24 10:00:33 [Type: DateTime (0)], @p4 = NULL [Type: Int32 (0)]
DEBUG [15] (:0) - Batch commands:
command 0:UPDATE Cooper_TeamMember SET TeamId = @p0 WHERE ID = @p1;@p0 = 1662 [Type: Int32 (0)], @p1 = 1411 [Type: Int32 (0)]

DEBUG [Agent: adapter run thread for test 'AddTeamMemberWithDuplicateEmailTest' with id '519a5a4b-96f6-4989-9741-3edc61b41aae'] (:0) - SELECT this_.ID as ID6_0_, this_.TeamId as TeamId6_0_, this_.Name as Name6_0_, this_.Email as Email6_0_, this_.CreateTime as CreateTime6_0_, this_.AssociatedAccountId as Associat6_6_0_ FROM Cooper_TeamMember this_ WHERE this_.TeamId = @p0 and this_.Email = @p1;@p0 = 1662 [Type: Int32 (0)], @p1 = 'Cooper_2012082410003263481399232714355783' [Type: String (4000)]
 INFO [15] (e:\codesharp\infrastructure\dotnet\src\CodeSharp.Core.Castles\Log4NetLogger.cs:92) - ----Transaction Completed, name:Tx #42931033, isChild:False
 INFO [15] (e:\codesharp\infrastructure\dotnet\src\CodeSharp.Core.Castles\Log4NetLogger.cs:92) - ----Transaction Disposed, name:Tx #42931033, isChild:False
DEBUG [15] (e:\codesharp\infrastructure\dotnet\src\CodeSharp.Core.Castles\includes\Castle.Services.Transaction\Managers\DefaultTransactionManager.cs:218) - Transaction Tx #42931033 disposed successfully
DEBUG [Agent: adapter run thread for test 'AddTeamMemberWithDuplicateEmailTest' with id '519a5a4b-96f6-4989-9741-3edc61b41aae'] (e:\codesharp\infrastructure\dotnet\src\CodeSharp.Core.Castles\includes\Castle.Facilities.AutoTx\TransactionInterceptor.cs:162) - Rolling back transaction 49581506 due to exception on method TeamService.Cooper.Model.Teams.ITeamService.AddMember
 INFO [Agent: adapter run thread for test 'AddTeamMemberWithDuplicateEmailTest' with id '519a5a4b-96f6-4989-9741-3edc61b41aae'] (e:\codesharp\infrastructure\dotnet\src\CodeSharp.Core.Castles\Log4NetLogger.cs:92) - ----Transaction Disposed, name:Tx #49581506, isChild:False
DEBUG [Agent: adapter run thread for test 'AddTeamMemberWithDuplicateEmailTest' with id '519a5a4b-96f6-4989-9741-3edc61b41aae'] (e:\codesharp\infrastructure\dotnet\src\CodeSharp.Core.Castles\includes\Castle.Services.Transaction\Managers\DefaultTransactionManager.cs:218) - Transaction Tx #49581506 disposed successfully
 INFO [Agent: adapter run thread for test 'AddTeamMemberWithDuplicateEmailTest' with id '519a5a4b-96f6-4989-9741-3edc61b41aae'] (e:\codesharp\infrastructure\dotnet\src\CodeSharp.Core.Castles\Log4NetLogger.cs:87) -   Expected: null
  But was:  &lt;Cooper.Model.Teams.Member&gt;

DEBUG [Agent: adapter run thread for test 'AddTeamMemberWithDuplicateEmailTest' with id '519a5a4b-96f6-4989-9741-3edc61b41aae'] (e:\codesharp\infrastructure\dotnet\src\CodeSharp.Core.Castles\includes\Castle.Services.Transaction\Managers\DefaultTransactionManager.cs:104) - Transaction "Tx #31606547" created
 INFO [Agent: adapter run thread for test 'AddTeamMemberWithDuplicateEmailTest' with id '519a5a4b-96f6-4989-9741-3edc61b41aae'] (e:\codesharp\infrastructure\dotnet\src\CodeSharp.Core.Castles\Log4NetLogger.cs:92) - ----Transaction Created, name:Tx #31606547, isChild:False
DEBUG [Agent: adapter run thread for test 'AddTeamMemberWithDuplicateEmailTest' with id '519a5a4b-96f6-4989-9741-3edc61b41aae'] (:0) - SELECT this_.ID as ID5_0_ FROM Cooper_Lock this_ with (updlock, rowlock) WHERE this_.ID = @p0;@p0 = 'Member' [Type: String (4000)]
DEBUG [Agent: adapter run thread for test 'AddTeamMemberWithDuplicateEmailTest' with id '519a5a4b-96f6-4989-9741-3edc61b41aae'] (:0) - SELECT this_.ID as ID6_0_, this_.TeamId as TeamId6_0_, this_.Name as Name6_0_, this_.Email as Email6_0_, this_.CreateTime as CreateTime6_0_, this_.AssociatedAccountId as Associat6_6_0_ FROM Cooper_TeamMember this_ WHERE this_.TeamId = @p0 and this_.Email = @p1;@p0 = 1662 [Type: Int32 (0)], @p1 = 'Cooper_2012082410003263481399232714355783' [Type: String (4000)]
DEBUG [Agent: adapter run thread for test 'AddTeamMemberWithDuplicateEmailTest' with id '519a5a4b-96f6-4989-9741-3edc61b41aae'] (e:\codesharp\infrastructure\dotnet\src\CodeSharp.Core.Castles\includes\Castle.Facilities.AutoTx\TransactionInterceptor.cs:162) - Rolling back transaction 31606547 due to exception on method TeamService.Cooper.Model.Teams.ITeamService.AddMember
 INFO [Agent: adapter run thread for test 'AddTeamMemberWithDuplicateEmailTest' with id '519a5a4b-96f6-4989-9741-3edc61b41aae'] (e:\codesharp\infrastructure\dotnet\src\CodeSharp.Core.Castles\Log4NetLogger.cs:92) - ----Transaction Disposed, name:Tx #31606547, isChild:False
DEBUG [Agent: adapter run thread for test 'AddTeamMemberWithDuplicateEmailTest' with id '519a5a4b-96f6-4989-9741-3edc61b41aae'] (e:\codesharp\infrastructure\dotnet\src\CodeSharp.Core.Castles\includes\Castle.Services.Transaction\Managers\DefaultTransactionManager.cs:218) - Transaction Tx #31606547 disposed successfully</StdOut>
        <DebugTrace>Castle.Services.Transaction.DefaultTransactionManager: Transaction "Tx #29713022" created
Cooper.Model.Test.TeamTest: ----Transaction Created, name:Tx #29713022, isChild:False
NHibernate.SQL: INSERT INTO Cooper_Team (Name, CreateTime) VALUES (@p0, @p1); select SCOPE_IDENTITY();@p0 = 'Cooper_2012082410003263481399232671351448' [Type: String (4000)], @p1 = 2012/8/24 10:00:32 [Type: DateTime (0)]
Cooper.Model.Teams.TeamService: 新增团队#1662|Cooper_2012082410003263481399232671351448
Castle.Facilities.AutoTx.TransactionInterceptor: Committing transaction 29713022
Cooper.Model.Test.TeamTest: ----Transaction Completed, name:Tx #29713022, isChild:False
Cooper.Model.Test.TeamTest: ----Transaction Disposed, name:Tx #29713022, isChild:False
Castle.Services.Transaction.DefaultTransactionManager: Transaction Tx #29713022 disposed successfully
Cooper.Model.Test.TeamTest: -----------calling fun
Cooper.Model.Test.TeamTest: -----------calling fun
Castle.Services.Transaction.DefaultTransactionManager: Transaction "Tx #42931033" created
Castle.Services.Transaction.DefaultTransactionManager: Transaction "Tx #49581506" created
Cooper.Model.Test.TeamTest: ----Transaction Created, name:Tx #42931033, isChild:False
Cooper.Model.Test.TeamTest: ----Transaction Created, name:Tx #49581506, isChild:False
NHibernate.SQL: SELECT this_.ID as ID5_0_ FROM Cooper_Lock this_ with (updlock, rowlock) WHERE this_.ID = @p0;@p0 = 'Member' [Type: String (4000)]
NHibernate.SQL: SELECT this_.ID as ID5_0_ FROM Cooper_Lock this_ with (updlock, rowlock) WHERE this_.ID = @p0;@p0 = 'Member' [Type: String (4000)]
NHibernate.SQL: SELECT this_.ID as ID6_0_, this_.TeamId as TeamId6_0_, this_.Name as Name6_0_, this_.Email as Email6_0_, this_.CreateTime as CreateTime6_0_, this_.AssociatedAccountId as Associat6_6_0_ FROM Cooper_TeamMember this_ WHERE this_.TeamId = @p0 and this_.Email = @p1;@p0 = 1662 [Type: Int32 (0)], @p1 = 'Cooper_2012082410003263481399232714355783' [Type: String (4000)]
NHibernate.SQL: SELECT team0_.ID as ID12_0_, team0_.Name as Name12_0_, team0_.CreateTime as CreateTime12_0_ FROM Cooper_Team team0_ WHERE team0_.ID=@p0;@p0 = 1662 [Type: Int32 (0)]
NHibernate.SQL: SELECT members0_.TeamId as TeamId1_, members0_.ID as ID1_, members0_.ID as ID6_0_, members0_.TeamId as TeamId6_0_, members0_.Name as Name6_0_, members0_.Email as Email6_0_, members0_.CreateTime as CreateTime6_0_, members0_.AssociatedAccountId as Associat6_6_0_ FROM Cooper_TeamMember members0_ WHERE members0_.TeamId=@p0;@p0 = 1662 [Type: Int32 (0)]
Castle.Facilities.AutoTx.TransactionInterceptor: Committing transaction 42931033
NHibernate.SQL: INSERT INTO Cooper_TeamMember (TeamId, Name, Email, CreateTime, AssociatedAccountId) VALUES (@p0, @p1, @p2, @p3, @p4); select SCOPE_IDENTITY();@p0 = 1662 [Type: Int32 (0)], @p1 = 'Cooper_2012082410003263481399232714355746' [Type: String (4000)], @p2 = 'Cooper_2012082410003263481399232714355783' [Type: String (4000)], @p3 = 2012/8/24 10:00:33 [Type: DateTime (0)], @p4 = NULL [Type: Int32 (0)]
NHibernate.SQL: Batch commands:
command 0:UPDATE Cooper_TeamMember SET TeamId = @p0 WHERE ID = @p1;@p0 = 1662 [Type: Int32 (0)], @p1 = 1411 [Type: Int32 (0)]

NHibernate.SQL: SELECT this_.ID as ID6_0_, this_.TeamId as TeamId6_0_, this_.Name as Name6_0_, this_.Email as Email6_0_, this_.CreateTime as CreateTime6_0_, this_.AssociatedAccountId as Associat6_6_0_ FROM Cooper_TeamMember this_ WHERE this_.TeamId = @p0 and this_.Email = @p1;@p0 = 1662 [Type: Int32 (0)], @p1 = 'Cooper_2012082410003263481399232714355783' [Type: String (4000)]
Cooper.Model.Test.TeamTest: ----Transaction Completed, name:Tx #42931033, isChild:False
Cooper.Model.Test.TeamTest: ----Transaction Disposed, name:Tx #42931033, isChild:False
Castle.Services.Transaction.DefaultTransactionManager: Transaction Tx #42931033 disposed successfully
Castle.Facilities.AutoTx.TransactionInterceptor: Rolling back transaction 49581506 due to exception on method TeamService.Cooper.Model.Teams.ITeamService.AddMember
Cooper.Model.Test.TeamTest: ----Transaction Disposed, name:Tx #49581506, isChild:False
Castle.Services.Transaction.DefaultTransactionManager: Transaction Tx #49581506 disposed successfully
Cooper.Model.Test.TeamTest:   Expected: null
  But was:  &lt;Cooper.Model.Teams.Member&gt;

Castle.Services.Transaction.DefaultTransactionManager: Transaction "Tx #31606547" created
Cooper.Model.Test.TeamTest: ----Transaction Created, name:Tx #31606547, isChild:False
NHibernate.SQL: SELECT this_.ID as ID5_0_ FROM Cooper_Lock this_ with (updlock, rowlock) WHERE this_.ID = @p0;@p0 = 'Member' [Type: String (4000)]
NHibernate.SQL: SELECT this_.ID as ID6_0_, this_.TeamId as TeamId6_0_, this_.Name as Name6_0_, this_.Email as Email6_0_, this_.CreateTime as CreateTime6_0_, this_.AssociatedAccountId as Associat6_6_0_ FROM Cooper_TeamMember this_ WHERE this_.TeamId = @p0 and this_.Email = @p1;@p0 = 1662 [Type: Int32 (0)], @p1 = 'Cooper_2012082410003263481399232714355783' [Type: String (4000)]
Castle.Facilities.AutoTx.TransactionInterceptor: Rolling back transaction 31606547 due to exception on method TeamService.Cooper.Model.Teams.ITeamService.AddMember
Cooper.Model.Test.TeamTest: ----Transaction Disposed, name:Tx #31606547, isChild:False
Castle.Services.Transaction.DefaultTransactionManager: Transaction Tx #31606547 disposed successfully
</DebugTrace>
      </Output>
    </UnitTestResult>
    <UnitTestResult executionId="9631ba5b-c761-4a1a-9b43-6a46015139ac" testId="2bdeb9f7-08c2-3205-d27b-88b3882588ec" testName="CreatePersonalAddressBook" computerName="TAOBAO86" duration="00:00:00.1464118" startTime="2012-08-24T10:00:39.7180560+08:00" endTime="2012-08-24T10:00:39.8700712+08:00" testType="13cdc9d9-ddb5-4fa4-a97d-d965ccfc6d4b" outcome="Passed" testListId="8c84fa94-04c1-424b-9868-57a2d4851a1d" relativeResultsDirectory="9631ba5b-c761-4a1a-9b43-6a46015139ac">
      <Output>
        <StdOut>DEBUG [Agent: adapter run thread for test 'CreatePersonalAddressBook' with id '9631ba5b-c761-4a1a-9b43-6a46015139ac'] (e:\codesharp\infrastructure\dotnet\src\CodeSharp.Core.Castles\includes\Castle.Services.Transaction\Managers\DefaultTransactionManager.cs:104) - Transaction "Tx #59760057" created
 INFO [Agent: adapter run thread for test 'CreatePersonalAddressBook' with id '9631ba5b-c761-4a1a-9b43-6a46015139ac'] (e:\codesharp\infrastructure\dotnet\src\CodeSharp.Core.Castles\Log4NetLogger.cs:92) - ----Transaction Created, name:Tx #59760057, isChild:False
DEBUG [Agent: adapter run thread for test 'CreatePersonalAddressBook' with id '9631ba5b-c761-4a1a-9b43-6a46015139ac'] (:0) - SELECT this_.ID as ID5_0_ FROM Cooper_Lock this_ with (updlock, rowlock) WHERE this_.ID = @p0;@p0 = 'Account' [Type: String (4000)]
DEBUG [Agent: adapter run thread for test 'CreatePersonalAddressBook' with id '9631ba5b-c761-4a1a-9b43-6a46015139ac'] (:0) - SELECT this_.ID as ID1_2_, this_.Name as Name1_2_, this_.CreateTime as CreateTime1_2_, this_.Password as Password1_2_, profile2_.AccountId as AccountId7_0_, profile2_.Profile as Profile7_0_, account3_.ID as ID1_1_, account3_.Name as Name1_1_, account3_.CreateTime as CreateTime1_1_, account3_.Password as Password1_1_ FROM Cooper_Account this_ left outer join Cooper_AccountProfile profile2_ on this_.ID=profile2_.AccountId left outer join Cooper_Account account3_ on profile2_.AccountId=account3_.ID WHERE this_.Name = @p0;@p0 = 'Cooper_2012082410003963481399239746058876' [Type: String (4000)]
DEBUG [Agent: adapter run thread for test 'CreatePersonalAddressBook' with id '9631ba5b-c761-4a1a-9b43-6a46015139ac'] (:0) - INSERT INTO Cooper_Account (Name, CreateTime, Password) VALUES (@p0, @p1, @p2); select SCOPE_IDENTITY();@p0 = 'Cooper_2012082410003963481399239746058876' [Type: String (4000)], @p1 = 2012/8/24 10:00:39 [Type: DateTime (0)], @p2 = NULL [Type: String (4000)]
 INFO [Agent: adapter run thread for test 'CreatePersonalAddressBook' with id '9631ba5b-c761-4a1a-9b43-6a46015139ac'] (e:\codesharp\infrastructure\dotnet\src\CodeSharp.Core.Castles\Log4NetLogger.cs:92) - 创建账号#1057|Cooper_2012082410003963481399239746058876
DEBUG [Agent: adapter run thread for test 'CreatePersonalAddressBook' with id '9631ba5b-c761-4a1a-9b43-6a46015139ac'] (e:\codesharp\infrastructure\dotnet\src\CodeSharp.Core.Castles\includes\Castle.Facilities.AutoTx\TransactionInterceptor.cs:140) - Committing transaction 59760057
 INFO [Agent: adapter run thread for test 'CreatePersonalAddressBook' with id '9631ba5b-c761-4a1a-9b43-6a46015139ac'] (e:\codesharp\infrastructure\dotnet\src\CodeSharp.Core.Castles\Log4NetLogger.cs:92) - ----Transaction Completed, name:Tx #59760057, isChild:False
 INFO [Agent: adapter run thread for test 'CreatePersonalAddressBook' with id '9631ba5b-c761-4a1a-9b43-6a46015139ac'] (e:\codesharp\infrastructure\dotnet\src\CodeSharp.Core.Castles\Log4NetLogger.cs:92) - ----Transaction Disposed, name:Tx #59760057, isChild:False
DEBUG [Agent: adapter run thread for test 'CreatePersonalAddressBook' with id '9631ba5b-c761-4a1a-9b43-6a46015139ac'] (e:\codesharp\infrastructure\dotnet\src\CodeSharp.Core.Castles\includes\Castle.Services.Transaction\Managers\DefaultTransactionManager.cs:218) - Transaction Tx #59760057 disposed successfully
DEBUG [Agent: adapter run thread for test 'CreatePersonalAddressBook' with id '9631ba5b-c761-4a1a-9b43-6a46015139ac'] (e:\codesharp\infrastructure\dotnet\src\CodeSharp.Core.Castles\includes\Castle.Services.Transaction\Managers\DefaultTransactionManager.cs:104) - Transaction "Tx #25854284" created
 INFO [Agent: adapter run thread for test 'CreatePersonalAddressBook' with id '9631ba5b-c761-4a1a-9b43-6a46015139ac'] (e:\codesharp\infrastructure\dotnet\src\CodeSharp.Core.Castles\Log4NetLogger.cs:92) - ----Transaction Created, name:Tx #25854284, isChild:False
DEBUG [Agent: adapter run thread for test 'CreatePersonalAddressBook' with id '9631ba5b-c761-4a1a-9b43-6a46015139ac'] (:0) - INSERT INTO Cooper_AddressBook (Name, CreateTime, ParentId, OwnerAccountId, AddressBookType) VALUES (@p0, @p1, @p2, @p3, 'personal'); select SCOPE_IDENTITY();@p0 = '我的通讯簿' [Type: String (4000)], @p1 = 2012/8/24 10:00:39 [Type: DateTime (0)], @p2 = NULL [Type: Int32 (0)], @p3 = 1057 [Type: Int32 (0)]
 INFO [Agent: adapter run thread for test 'CreatePersonalAddressBook' with id '9631ba5b-c761-4a1a-9b43-6a46015139ac'] (e:\codesharp\infrastructure\dotnet\src\CodeSharp.Core.Castles\Log4NetLogger.cs:92) - 新增私人通讯簿#345|我的通讯簿|1057
DEBUG [Agent: adapter run thread for test 'CreatePersonalAddressBook' with id '9631ba5b-c761-4a1a-9b43-6a46015139ac'] (e:\codesharp\infrastructure\dotnet\src\CodeSharp.Core.Castles\includes\Castle.Facilities.AutoTx\TransactionInterceptor.cs:140) - Committing transaction 25854284
 INFO [Agent: adapter run thread for test 'CreatePersonalAddressBook' with id '9631ba5b-c761-4a1a-9b43-6a46015139ac'] (e:\codesharp\infrastructure\dotnet\src\CodeSharp.Core.Castles\Log4NetLogger.cs:92) - ----Transaction Completed, name:Tx #25854284, isChild:False
 INFO [Agent: adapter run thread for test 'CreatePersonalAddressBook' with id '9631ba5b-c761-4a1a-9b43-6a46015139ac'] (e:\codesharp\infrastructure\dotnet\src\CodeSharp.Core.Castles\Log4NetLogger.cs:92) - ----Transaction Disposed, name:Tx #25854284, isChild:False
DEBUG [Agent: adapter run thread for test 'CreatePersonalAddressBook' with id '9631ba5b-c761-4a1a-9b43-6a46015139ac'] (e:\codesharp\infrastructure\dotnet\src\CodeSharp.Core.Castles\includes\Castle.Services.Transaction\Managers\DefaultTransactionManager.cs:218) - Transaction Tx #25854284 disposed successfully
DEBUG [Agent: adapter run thread for test 'CreatePersonalAddressBook' with id '9631ba5b-c761-4a1a-9b43-6a46015139ac'] (:0) - SELECT addressboo0_.ID as ID2_0_, addressboo0_.Name as Name2_0_, addressboo0_.CreateTime as CreateTime2_0_, addressboo0_.ParentId as ParentId2_0_, addressboo0_.OwnerAccountId as OwnerAcc6_2_0_, addressboo0_.AddressBookType as AddressB2_2_0_ FROM Cooper_AddressBook addressboo0_ WHERE addressboo0_.ID=@p0;@p0 = 345 [Type: Int32 (0)]</StdOut>
        <DebugTrace>Castle.Services.Transaction.DefaultTransactionManager: Transaction "Tx #59760057" created
Cooper.Model.Test.TeamTest: ----Transaction Created, name:Tx #59760057, isChild:False
NHibernate.SQL: SELECT this_.ID as ID5_0_ FROM Cooper_Lock this_ with (updlock, rowlock) WHERE this_.ID = @p0;@p0 = 'Account' [Type: String (4000)]
NHibernate.SQL: SELECT this_.ID as ID1_2_, this_.Name as Name1_2_, this_.CreateTime as CreateTime1_2_, this_.Password as Password1_2_, profile2_.AccountId as AccountId7_0_, profile2_.Profile as Profile7_0_, account3_.ID as ID1_1_, account3_.Name as Name1_1_, account3_.CreateTime as CreateTime1_1_, account3_.Password as Password1_1_ FROM Cooper_Account this_ left outer join Cooper_AccountProfile profile2_ on this_.ID=profile2_.AccountId left outer join Cooper_Account account3_ on profile2_.AccountId=account3_.ID WHERE this_.Name = @p0;@p0 = 'Cooper_2012082410003963481399239746058876' [Type: String (4000)]
NHibernate.SQL: INSERT INTO Cooper_Account (Name, CreateTime, Password) VALUES (@p0, @p1, @p2); select SCOPE_IDENTITY();@p0 = 'Cooper_2012082410003963481399239746058876' [Type: String (4000)], @p1 = 2012/8/24 10:00:39 [Type: DateTime (0)], @p2 = NULL [Type: String (4000)]
Cooper.Model.Accounts.AccountService: 创建账号#1057|Cooper_2012082410003963481399239746058876
Castle.Facilities.AutoTx.TransactionInterceptor: Committing transaction 59760057
Cooper.Model.Test.TeamTest: ----Transaction Completed, name:Tx #59760057, isChild:False
Cooper.Model.Test.TeamTest: ----Transaction Disposed, name:Tx #59760057, isChild:False
Castle.Services.Transaction.DefaultTransactionManager: Transaction Tx #59760057 disposed successfully
Castle.Services.Transaction.DefaultTransactionManager: Transaction "Tx #25854284" created
Cooper.Model.Test.TeamTest: ----Transaction Created, name:Tx #25854284, isChild:False
NHibernate.SQL: INSERT INTO Cooper_AddressBook (Name, CreateTime, ParentId, OwnerAccountId, AddressBookType) VALUES (@p0, @p1, @p2, @p3, 'personal'); select SCOPE_IDENTITY();@p0 = '我的通讯簿' [Type: String (4000)], @p1 = 2012/8/24 10:00:39 [Type: DateTime (0)], @p2 = NULL [Type: Int32 (0)], @p3 = 1057 [Type: Int32 (0)]
Cooper.Model.Contacts.AddressBookService: 新增私人通讯簿#345|我的通讯簿|1057
Castle.Facilities.AutoTx.TransactionInterceptor: Committing transaction 25854284
Cooper.Model.Test.TeamTest: ----Transaction Completed, name:Tx #25854284, isChild:False
Cooper.Model.Test.TeamTest: ----Transaction Disposed, name:Tx #25854284, isChild:False
Castle.Services.Transaction.DefaultTransactionManager: Transaction Tx #25854284 disposed successfully
NHibernate.SQL: SELECT addressboo0_.ID as ID2_0_, addressboo0_.Name as Name2_0_, addressboo0_.CreateTime as CreateTime2_0_, addressboo0_.ParentId as ParentId2_0_, addressboo0_.OwnerAccountId as OwnerAcc6_2_0_, addressboo0_.AddressBookType as AddressB2_2_0_ FROM Cooper_AddressBook addressboo0_ WHERE addressboo0_.ID=@p0;@p0 = 345 [Type: Int32 (0)]
</DebugTrace>
      </Output>
    </UnitTestResult>
    <UnitTestResult executionId="fff159dc-360e-41a5-9726-f7b0e379ce85" testId="d3bc33f5-d7ec-9402-1517-1e0f50c38ba0" testName="CreateSystemAddressBook" computerName="TAOBAO86" duration="00:00:00.1175914" startTime="2012-08-24T10:00:39.8810723+08:00" endTime="2012-08-24T10:00:40.0040846+08:00" testType="13cdc9d9-ddb5-4fa4-a97d-d965ccfc6d4b" outcome="Passed" testListId="8c84fa94-04c1-424b-9868-57a2d4851a1d" relativeResultsDirectory="fff159dc-360e-41a5-9726-f7b0e379ce85">
      <Output>
        <StdOut>DEBUG [Agent: adapter run thread for test 'CreateSystemAddressBook' with id 'fff159dc-360e-41a5-9726-f7b0e379ce85'] (e:\codesharp\infrastructure\dotnet\src\CodeSharp.Core.Castles\includes\Castle.Services.Transaction\Managers\DefaultTransactionManager.cs:104) - Transaction "Tx #35743531" created
[...]
 INFO [Agent: adapter run thread for test 'ProfileUpdate' with id '0836b83b-4374-484e-8bce-b7fc4109b3cb'] (e:\codesharp\infrastructure\dotnet\src\CodeSharp.Core.Castles\Log4NetLogger.cs:92) - ----Transaction Disposed, name:Tx #1819929, isChild:False
DEBUG [Agent: adapter run thread for test 'ProfileUpdate' with id '0836b83b-4374-484e-8bce-b7fc4109b3cb'] (e:\codesharp\infrastructure\dotnet\src\CodeSharp.Core.Castles\includes\Castle.Services.Transaction\Managers\DefaultTransactionManager.cs:218) - Transaction Tx #1819929 disposed successfully
DEBUG [Agent: adapter run thread for test 'ProfileUpdate' with id '0836b83b-4374-484e-8bce-b7fc4109b3cb'] (e:\codesharp\infrastructure\dotnet\src\CodeSharp.Core.Castles\includes\Castle.Services.Transaction\Managers\DefaultTransactionManager.cs:104) - Transaction "Tx #58916836" created
 INFO [Agent: adapter run thread for test 'ProfileUpdate' with id '0836b83b-4374-484e-8bce-b7fc4109b3cb'] (e:\codesharp\infrastructure\dotnet\src\CodeSharp.Core.Castles\Log4NetLogger.cs:92) - ----Transaction Created, name:Tx #58916836, isChild:False
DEBUG [Agent: adapter run thread for test 'ProfileUpdate' with id '0836b83b-4374-484e-8bce-b7fc4109b3cb'] (e:\codesharp\infrastructure\dotnet\src\CodeSharp.Core.Castles\includes\Castle.Facilities.AutoTx\TransactionInterceptor.cs:140) - Committing transaction 58916836
DEBUG [Agent: adapter run thread for test 'ProfileUpdate' with id '0836b83b-4374-484e-8bce-b7fc4109b3cb'] (:0) - Batch commands:
command 0:INSERT INTO Cooper_AccountProfile (Profile, AccountId) VALUES (@p0, @p1);@p0 = '{"test":"test"}' [Type: String (1073741823)], @p1 = 1075 [Type: Int32 (0)]

DEBUG [Agent: adapter run thread for test 'ProfileUpdate' with id '0836b83b-4374-484e-8bce-b7fc4109b3cb'] (:0) - Batch commands:
command 0:UPDATE Cooper_Account SET Name = @p0, CreateTime = @p1, Password = @p2 WHERE ID = @p3;@p0 = 'Cooper_2012082410005463481399254815565675' [Type: String (4000)], @p1 = 2012/8/24 10:00:54 [Type: DateTime (0)], @p2 = NULL [Type: String (4000)], @p3 = 1075 [Type: Int32 (0)]

 INFO [Agent: adapter run thread for test 'ProfileUpdate' with id '0836b83b-4374-484e-8bce-b7fc4109b3cb'] (e:\codesharp\infrastructure\dotnet\src\CodeSharp.Core.Castles\Log4NetLogger.cs:92) - ----Transaction Completed, name:Tx #58916836, isChild:False
 INFO [Agent: adapter run thread for test 'ProfileUpdate' with id '0836b83b-4374-484e-8bce-b7fc4109b3cb'] (e:\codesharp\infrastructure\dotnet\src\CodeSharp.Core.Castles\Log4NetLogger.cs:92) - ----Transaction Disposed, name:Tx #58916836, isChild:False
DEBUG [Agent: adapter run thread for test 'ProfileUpdate' with id '0836b83b-4374-484e-8bce-b7fc4109b3cb'] (e:\codesharp\infrastructure\dotnet\src\CodeSharp.Core.Castles\includes\Castle.Services.Transaction\Managers\DefaultTransactionManager.cs:218) - Transaction Tx #58916836 disposed successfully
DEBUG [Agent: adapter run thread for test 'ProfileUpdate' with id '0836b83b-4374-484e-8bce-b7fc4109b3cb'] (:0) - SELECT account0_.ID as ID1_2_, account0_.Name as Name1_2_, account0_.CreateTime as CreateTime1_2_, account0_.Password as Password1_2_, profile1_.AccountId as AccountId7_0_, profile1_.Profile as Profile7_0_, account2_.ID as ID1_1_, account2_.Name as Name1_1_, account2_.CreateTime as CreateTime1_1_, account2_.Password as Password1_1_ FROM Cooper_Account account0_ left outer join Cooper_AccountProfile profile1_ on account0_.ID=profile1_.AccountId left outer join Cooper_Account account2_ on profile1_.AccountId=account2_.ID WHERE account0_.ID=@p0;@p0 = 1075 [Type: Int32 (0)]</StdOut>
        <DebugTrace>Castle.Services.Transaction.DefaultTransactionManager: Transaction "Tx #1819929" created
Cooper.Model.Test.TeamTest: ----Transaction Created, name:Tx #1819929, isChild:False
NHibernate.SQL: SELECT this_.ID as ID5_0_ FROM Cooper_Lock this_ with (updlock, rowlock) WHERE this_.ID = @p0;@p0 = 'Account' [Type: String (4000)]
NHibernate.SQL: SELECT this_.ID as ID1_2_, this_.Name as Name1_2_, this_.CreateTime as CreateTime1_2_, this_.Password as Password1_2_, profile2_.AccountId as AccountId7_0_, profile2_.Profile as Profile7_0_, account3_.ID as ID1_1_, account3_.Name as Name1_1_, account3_.CreateTime as CreateTime1_1_, account3_.Password as Password1_1_ FROM Cooper_Account this_ left outer join Cooper_AccountProfile profile2_ on this_.ID=profile2_.AccountId left outer join Cooper_Account account3_ on profile2_.AccountId=account3_.ID WHERE this_.Name = @p0;@p0 = 'Cooper_2012082410005463481399254815565675' [Type: String (4000)]
NHibernate.SQL: INSERT INTO Cooper_Account (Name, CreateTime, Password) VALUES (@p0, @p1, @p2); select SCOPE_IDENTITY();@p0 = 'Cooper_2012082410005463481399254815565675' [Type: String (4000)], @p1 = 2012/8/24 10:00:54 [Type: DateTime (0)], @p2 = NULL [Type: String (4000)]
Cooper.Model.Accounts.AccountService: 创建账号#1075|Cooper_2012082410005463481399254815565675
Castle.Facilities.AutoTx.TransactionInterceptor: Committing transaction 1819929
Cooper.Model.Test.TeamTest: ----Transaction Completed, name:Tx #1819929, isChild:False
Cooper.Model.Test.TeamTest: ----Transaction Disposed, name:Tx #1819929, isChild:False
Castle.Services.Transaction.DefaultTransactionManager: Transaction Tx #1819929 disposed successfully
Castle.Services.Transaction.DefaultTransactionManager: Transaction "Tx #58916836" created
Cooper.Model.Test.TeamTest: ----Transaction Created, name:Tx #58916836, isChild:False
Castle.Facilities.AutoTx.TransactionInterceptor: Committing transaction 58916836
NHibernate.SQL: Batch commands:
command 0:INSERT INTO Cooper_AccountProfile (Profile, AccountId) VALUES (@p0, @p1);@p0 = '{"test":"test"}' [Type: String (1073741823)], @p1 = 1075 [Type: Int32 (0)]

NHibernate.SQL: Batch commands:
command 0:UPDATE Cooper_Account SET Name = @p0, CreateTime = @p1, Password = @p2 WHERE ID = @p3;@p0 = 'Cooper_2012082410005463481399254815565675' [Type: String (4000)], @p1 = 2012/8/24 10:00:54 [Type: DateTime (0)], @p2 = NULL [Type: String (4000)], @p3 = 1075 [Type: Int32 (0)]

Cooper.Model.Test.TeamTest: ----Transaction Completed, name:Tx #58916836, isChild:False
Cooper.Model.Test.TeamTest: ----Transaction Disposed, name:Tx #58916836, isChild:False
Castle.Services.Transaction.DefaultTransactionManager: Transaction Tx #58916836 disposed successfully
NHibernate.SQL: SELECT account0_.ID as ID1_2_, account0_.Name as Name1_2_, account0_.CreateTime as CreateTime1_2_, account0_.Password as Password1_2_, profile1_.AccountId as AccountId7_0_, profile1_.Profile as Profile7_0_, account2_.ID as ID1_1_, account2_.Name as Name1_1_, account2_.CreateTime as CreateTime1_1_, account2_.Password as Password1_1_ FROM Cooper_Account account0_ left outer join Cooper_AccountProfile profile1_ on account0_.ID=profile1_.AccountId left outer join Cooper_Account account2_ on profile1_.AccountId=account2_.ID WHERE account0_.ID=@p0;@p0 = 1075 [Type: Int32 (0)]
</DebugTrace>
      </Output>
    </UnitTestResult>
    <UnitTestResult executionId="a1a26bab-6d97-491d-b6ab-9444968092f8" testId="f510f0de-d7e6-5073-9bb2-880efb2facad" testName="Create" computerName="TAOBAO86" duration="00:00:00.0800715" startTime="2012-08-24T10:00:54.9335774+08:00" endTime="2012-08-24T10:00:55.0195860+08:00" testType="13cdc9d9-ddb5-4fa4-a97d-d965ccfc6d4b" outcome="Passed" testListId="8c84fa94-04c1-424b-9868-57a2d4851a1d" relativeResultsDirectory="a1a26bab-6d97-491d-b6ab-9444968092f8">
      <Output>
        <StdOut>DEBUG [Agent: adapter run thread for test 'Create' with id 'a1a26bab-6d97-491d-b6ab-9444968092f8'] (e:\codesharp\infrastructure\dotnet\src\CodeSharp.Core.Castles\includes\Castle.Services.Transaction\Managers\DefaultTransactionManager.cs:104) - Transaction "Tx #54506987" created
 INFO [Agent: adapter run thread for test 'Create' with id 'a1a26bab-6d97-491d-b6ab-9444968092f8'] (e:\codesharp\infrastructure\dotnet\src\CodeSharp.Core.Castles\Log4NetLogger.cs:92) - ----Transaction Created, name:Tx #54506987, isChild:False
DEBUG [Agent: adapter run thread for test 'Create' with id 'a1a26bab-6d97-491d-b6ab-9444968092f8'] (:0) - SELECT this_.ID as ID5_0_ FROM Cooper_Lock this_ with (updlock, rowlock) WHERE this_.ID = @p0;@p0 = 'Account' [Type: String (4000)]
DEBUG [Agent: adapter run thread for test 'Create' with id 'a1a26bab-6d97-491d-b6ab-9444968092f8'] (:0) - SELECT this_.ID as ID1_2_, this_.Name as Name1_2_, this_.CreateTime as CreateTime1_2_, this_.Password as Password1_2_, profile2_.AccountId as AccountId7_0_, profile2_.Profile as Profile7_0_, account3_.ID as ID1_1_, account3_.Name as Name1_1_, account3_.CreateTime as CreateTime1_1_, account3_.Password as Password1_1_ FROM Cooper_Account this_ left outer join Cooper_AccountProfile profile2_ on this_.ID=profile2_.AccountId left outer join Cooper_Account account3_ on profile2_.AccountId=account3_.ID WHERE this_.Name = @p0;@p0 = 'Cooper_2012082410005463481399254961580289' [Type: String (4000)]
DEBUG [Agent: adapter run thread for test 'Create' with id 'a1a26bab-6d97-491d-b6ab-9444968092f8'] (:0) - INSERT INTO Cooper_Account (Name, CreateTime, Password) VALUES (@p0, @p1, @p2); select SCOPE_IDENTITY();@p0 = 'Cooper_2012082410005463481399254961580289' [Type: String (4000)], @p1 = 2012/8/24 10:00:54 [Type: DateTime (0)], @p2 = NULL [Type: String (4000)]
 INFO [Agent: adapter run thread for test 'Create' with id 'a1a26bab-6d97-491d-b6ab-9444968092f8'] (e:\codesharp\infrastructure\dotnet\src\CodeSharp.Core.Castles\Log4NetLogger.cs:92) - 创建账号#1076|Cooper_2012082410005463481399254961580289
DEBUG [Agent: adapter run thread for test 'Create' with id 'a1a26bab-6d97-491d-b6ab-9444968092f8'] (e:\codesharp\infrastructure\dotnet\src\CodeSharp.Core.Castles\includes\Castle.Facilities.AutoTx\TransactionInterceptor.cs:140) - Committing transaction 54506987
 INFO [Agent: adapter run thread for test 'Create' with id 'a1a26bab-6d97-491d-b6ab-9444968092f8'] (e:\codesharp\infrastructure\dotnet\src\CodeSharp.Core.Castles\Log4NetLogger.cs:92) - ----Transaction Completed, name:Tx #54506987, isChild:False
 INFO [Agent: adapter run thread for test 'Create' with id 'a1a26bab-6d97-491d-b6ab-9444968092f8'] (e:\codesharp\infrastructure\dotnet\src\CodeSharp.Core.Castles\Log4NetLogger.cs:92) - ----Transaction Disposed, name:Tx #54506987, isChild:False
DEBUG [Agent: adapter run thread for test 'Create' with id 'a1a26bab-6d97-491d-b6ab-9444968092f8'] (e:\codesharp\infrastructure\dotnet\src\CodeSharp.Core.Castles\includes\Castle.Services.Transaction\Managers\DefaultTransactionManager.cs:218) - Transaction Tx #54506987 disposed successfully</StdOut>
        <DebugTrace>Castle.Services.Transaction.DefaultTransactionManager: Transaction "Tx #54506987" created
Cooper.Model.Test.TeamTest: ----Transaction Created, name:Tx #54506987, isChild:False
NHibernate.SQL: SELECT this_.ID as ID5_0_ FROM Cooper_Lock this_ with (updlock, rowlock) WHERE this_.ID = @p0;@p0 = 'Account' [Type: String (4000)]
NHibernate.SQL: SELECT this_.ID as ID1_2_, this_.Name as Name1_2_, this_.CreateTime as CreateTime1_2_, this_.Password as Password1_2_, profile2_.AccountId as AccountId7_0_, profile2_.Profile as Profile7_0_, account3_.ID as ID1_1_, account3_.Name as Name1_1_, account3_.CreateTime as CreateTime1_1_, account3_.Password as Password1_1_ FROM Cooper_Account this_ left outer join Cooper_AccountProfile profile2_ on this_.ID=profile2_.AccountId left outer join Cooper_Account account3_ on profile2_.AccountId=account3_.ID WHERE this_.Name = @p0;@p0 = 'Cooper_2012082410005463481399254961580289' [Type: String (4000)]
NHibernate.SQL: INSERT INTO Cooper_Account (Name, CreateTime, Password) VALUES (@p0, @p1, @p2); select SCOPE_IDENTITY();@p0 = 'Cooper_2012082410005463481399254961580289' [Type: String (4000)], @p1 = 2012/8/24 10:00:54 [Type: DateTime (0)], @p2 = NULL [Type: String (4000)]
Cooper.Model.Accounts.AccountService: 创建账号#1076|Cooper_2012082410005463481399254961580289
Castle.Facilities.AutoTx.TransactionInterceptor: Committing transaction 54506987
Cooper.Model.Test.TeamTest: ----Transaction Completed, name:Tx #54506987, isChild:False
Cooper.Model.Test.TeamTest: ----Transaction Disposed, name:Tx #54506987, isChild:False
Castle.Services.Transaction.DefaultTransactionManager: Transaction Tx #54506987 disposed successfully
</DebugTrace>
      </Output>
    </UnitTestResult>
    <UnitTestResult executionId="9cc7ba23-ad3b-4b3f-b2af-7fcbcbd02684" testId="533ff83c-055e-d13f-cd60-ca6f34072d11" testName="CreateDuplicate" computerName="TAOBAO86" duration="00:00:09.6369636" startTime="2012-08-24T10:00:55.0285869+08:00" endTime="2012-08-24T10:01:04.6655505+08:00" testType="13cdc9d9-ddb5-4fa4-a97d-d965ccfc6d4b" outcome="Aborted" testListId="8c84fa94-04c1-424b-9868-57a2d4851a1d" relativeResultsDirectory="9cc7ba23-ad3b-4b3f-b2af-7fcbcbd02684">
    </UnitTestResult>
    <UnitTestResult executionId="fbb14176-008b-49ad-bf19-a6cca9e77abb" testId="56a1675e-17e2-f629-55a2-747f0e290948" testName="UpdateName" computerName="TAOBAO86" testType="13cdc9d9-ddb5-4fa4-a97d-d965ccfc6d4b" outcome="NotExecuted" testListId="8c84fa94-04c1-424b-9868-57a2d4851a1d" relativeResultsDirectory="fbb14176-008b-49ad-bf19-a6cca9e77abb">
    </UnitTestResult>
    <UnitTestResult executionId="7012396e-24ac-4a70-9f2f-c601e87f19ca" testId="b98fc65f-cf67-d597-766d-2f140ed986eb" testName="UpdateNameDuplicate" computerName="TAOBAO86" testType="13cdc9d9-ddb5-4fa4-a97d-d965ccfc6d4b" outcome="NotExecuted" testListId="8c84fa94-04c1-424b-9868-57a2d4851a1d" relativeResultsDirectory="7012396e-24ac-4a70-9f2f-c601e87f19ca">
    </UnitTestResult>
    <UnitTestResult executionId="70c2d417-32b0-49d9-bf3e-6c009babec5d" testId="0bf38393-2485-e864-c9d9-635c658224de" testName="CreateBy" computerName="TAOBAO86" testType="13cdc9d9-ddb5-4fa4-a97d-d965ccfc6d4b" outcome="NotExecuted" testListId="8c84fa94-04c1-424b-9868-57a2d4851a1d" relativeResultsDirectory="70c2d417-32b0-49d9-bf3e-6c009babec5d">
    </UnitTestResult>
    <UnitTestResult executionId="78b5bb8c-7bb1-4096-a7ae-33888689b8a6" testId="d45ef949-d9cf-9025-889c-bdadd6519b01" testName="CreateByDuplicate" computerName="TAOBAO86" testType="13cdc9d9-ddb5-4fa4-a97d-d965ccfc6d4b" outcome="NotExecuted" testListId="8c84fa94-04c1-424b-9868-57a2d4851a1d" relativeResultsDirectory="78b5bb8c-7bb1-4096-a7ae-33888689b8a6">
    </UnitTestResult>
    <UnitTestResult executionId="8d2f8b08-77af-4c28-bf3e-8c7fa563ef8d" testId="22abd2d5-ed8a-2aea-037a-ddc4c76b6969" testName="LoginBy" computerName="TAOBAO86" testType="13cdc9d9-ddb5-4fa4-a97d-d965ccfc6d4b" outcome="NotExecuted" testListId="8c84fa94-04c1-424b-9868-57a2d4851a1d" relativeResultsDirectory="8d2f8b08-77af-4c28-bf3e-8c7fa563ef8d">
    </UnitTestResult>
    <UnitTestResult executionId="b967d9c6-7735-4024-bf28-e87ccf45e831" testId="937cd6ec-6282-961a-6be3-ced5e822e79a" testName="CreateTeamTask" computerName="TAOBAO86" testType="13cdc9d9-ddb5-4fa4-a97d-d965ccfc6d4b" outcome="NotExecuted" testListId="8c84fa94-04c1-424b-9868-57a2d4851a1d" relativeResultsDirectory="b967d9c6-7735-4024-bf28-e87ccf45e831">
    </UnitTestResult>
    <UnitTestResult executionId="ff5153b9-60c6-4f7e-934a-61c02a64abb6" testId="feb4972d-6250-2d01-3c4d-efec1a4d61f9" testName="UpdateTeamTask" computerName="TAOBAO86" testType="13cdc9d9-ddb5-4fa4-a97d-d965ccfc6d4b" outcome="NotExecuted" testListId="8c84fa94-04c1-424b-9868-57a2d4851a1d" relativeResultsDirectory="ff5153b9-60c6-4f7e-934a-61c02a64abb6">
    </UnitTestResult>
    <UnitTestResult executionId="c39d74be-10d4-424f-ba46-6074dfc7616f" testId="ffd6cb0f-9afd-7843-7e35-ff7ede5a21df" testName="DeleteTeamTask" computerName="TAOBAO86" testType="13cdc9d9-ddb5-4fa4-a97d-d965ccfc6d4b" outcome="NotExecuted" testListId="8c84fa94-04c1-424b-9868-57a2d4851a1d" relativeResultsDirectory="c39d74be-10d4-424f-ba46-6074dfc7616f">
    </UnitTestResult>
    <UnitTestResult executionId="8b53dbd9-18b3-49e1-a231-24006a26b22f" testId="6e58154c-fd55-5452-cf92-7d3f48ff8db7" testName="GetTasksTest" computerName="TAOBAO86" testType="13cdc9d9-ddb5-4fa4-a97d-d965ccfc6d4b" outcome="NotExecuted" testListId="8c84fa94-04c1-424b-9868-57a2d4851a1d" relativeResultsDirectory="8b53dbd9-18b3-49e1-a231-24006a26b22f">
    </UnitTestResult>
    <UnitTestResult executionId="4f615c04-ed0e-4728-bbb6-93a56ea35a44" testId="fbf3575b-3c2a-baee-ac83-208aca200fd1" testName="RemoveTaskAssigneeTest" computerName="TAOBAO86" testType="13cdc9d9-ddb5-4fa4-a97d-d965ccfc6d4b" outcome="NotExecuted" testListId="8c84fa94-04c1-424b-9868-57a2d4851a1d" relativeResultsDirectory="4f615c04-ed0e-4728-bbb6-93a56ea35a44">
    </UnitTestResult>
    <UnitTestResult executionId="cce451aa-ac51-43ff-90cb-b7b567f92737" testId="c82a067e-2885-5dc7-c10a-bf157eda3153" testName="RemoveTaskFromProjectTest" computerName="TAOBAO86" testType="13cdc9d9-ddb5-4fa4-a97d-d965ccfc6d4b" outcome="NotExecuted" testListId="8c84fa94-04c1-424b-9868-57a2d4851a1d" relativeResultsDirectory="cce451aa-ac51-43ff-90cb-b7b567f92737">
    </UnitTestResult>
    <UnitTestResult executionId="3698cbda-e3ff-4523-8fd9-dd4a69a42a9f" testId="a5d8742b-148b-968f-da92-9f471f785f08" testName="CreateContactGroup" computerName="TAOBAO86" testType="13cdc9d9-ddb5-4fa4-a97d-d965ccfc6d4b" outcome="NotExecuted" testListId="8c84fa94-04c1-424b-9868-57a2d4851a1d" relativeResultsDirectory="3698cbda-e3ff-4523-8fd9-dd4a69a42a9f">
    </UnitTestResult>
    <UnitTestResult executionId="1aae52c8-21cb-4bfa-b67f-bcfb3cf973e1" testId="139d910f-a367-3fea-51b4-4b3f9dbbb854" testName="UpdateContactGroup" computerName="TAOBAO86" testType="13cdc9d9-ddb5-4fa4-a97d-d965ccfc6d4b" outcome="NotExecuted" testListId="8c84fa94-04c1-424b-9868-57a2d4851a1d" relativeResultsDirectory="1aae52c8-21cb-4bfa-b67f-bcfb3cf973e1">
    </UnitTestResult>
    <UnitTestResult executionId="64492794-619f-4d79-a00d-80f59f6bdab4" testId="0912dddc-52be-91c7-0750-6b1a6735ec7f" testName="DeleteContactGroup" computerName="TAOBAO86" testType="13cdc9d9-ddb5-4fa4-a97d-d965ccfc6d4b" outcome="NotExecuted" testListId="8c84fa94-04c1-424b-9868-57a2d4851a1d" relativeResultsDirectory="64492794-619f-4d79-a00d-80f59f6bdab4">
    </UnitTestResult>
    <UnitTestResult executionId="e4778bc2-81b4-46ba-9909-390f1af8397b" testId="4301ed8b-0efb-d2d1-6514-612586a26acd" testName="GetContactGroups" computerName="TAOBAO86" testType="13cdc9d9-ddb5-4fa4-a97d-d965ccfc6d4b" outcome="NotExecuted" testListId="8c84fa94-04c1-424b-9868-57a2d4851a1d" relativeResultsDirectory="e4778bc2-81b4-46ba-9909-390f1af8397b">
    </UnitTestResult>
    <UnitTestResult executionId="af9524b7-41f4-474d-83e7-7a62177bda4a" testId="78803d5f-6691-8bb5-c8c5-8def51015e0b" testName="CreateGoole" computerName="TAOBAO86" testType="13cdc9d9-ddb5-4fa4-a97d-d965ccfc6d4b" outcome="NotExecuted" testListId="8c84fa94-04c1-424b-9868-57a2d4851a1d" relativeResultsDirectory="af9524b7-41f4-474d-83e7-7a62177bda4a">
    </UnitTestResult>
    <UnitTestResult executionId="f99d20b6-58eb-407d-8857-8f2f16dc40f7" testId="383329c4-c347-b028-9cd9-489b5ee50b66" testName="CreateGit" computerName="TAOBAO86" testType="13cdc9d9-ddb5-4fa4-a97d-d965ccfc6d4b" outcome="NotExecuted" testListId="8c84fa94-04c1-424b-9868-57a2d4851a1d" relativeResultsDirectory="f99d20b6-58eb-407d-8857-8f2f16dc40f7">
    </UnitTestResult>
    <UnitTestResult executionId="8e542c56-4cdb-406a-a034-8b8c57ca1f67" testId="336ba6fd-9eba-43b6-5a00-b089e2169089" testName="CreateDuplicate" computerName="TAOBAO86" testType="13cdc9d9-ddb5-4fa4-a97d-d965ccfc6d4b" outcome="NotExecuted" testListId="8c84fa94-04c1-424b-9868-57a2d4851a1d" relativeResultsDirectory="8e542c56-4cdb-406a-a034-8b8c57ca1f67">
    </UnitTestResult>
    <UnitTestResult executionId="6c07674e-428a-4253-964a-ff635f127f02" testId="36976b3e-6423-f7bc-5226-47b2aca47250" testName="Get" computerName="TAOBAO86" testType="13cdc9d9-ddb5-4fa4-a97d-d965ccfc6d4b" outcome="NotExecuted" testListId="8c84fa94-04c1-424b-9868-57a2d4851a1d" relativeResultsDirectory="6c07674e-428a-4253-964a-ff635f127f02">
    </UnitTestResult>
  </Results>
</TestRun>